2025-11-24 22:35:43,537 INFO o.a.j.u.JMeterUtils: Setting Locale to en_EN
2025-11-24 22:35:43,561 INFO o.a.j.JMeter: Loading user properties from: user.properties
2025-11-24 22:35:43,573 INFO o.a.j.JMeter: Loading system properties from: system.properties
2025-11-24 22:35:43,580 INFO o.a.j.JMeter: Copyright (c) 1998-2024 The Apache Software Foundation
2025-11-24 22:35:43,580 INFO o.a.j.JMeter: Version 5.6.3
2025-11-24 22:35:43,580 INFO o.a.j.JMeter: java.version=24.0.2
2025-11-24 22:35:43,580 INFO o.a.j.JMeter: java.vm.name=Java HotSpot(TM) 64-Bit Server VM
2025-11-24 22:35:43,580 INFO o.a.j.JMeter: os.name=Windows 11
2025-11-24 22:35:43,580 INFO o.a.j.JMeter: os.arch=amd64
2025-11-24 22:35:43,580 INFO o.a.j.JMeter: os.version=10.0
2025-11-24 22:35:43,580 INFO o.a.j.JMeter: file.encoding=UTF-8
2025-11-24 22:35:43,580 INFO o.a.j.JMeter: java.awt.headless=null
2025-11-24 22:35:43,580 INFO o.a.j.JMeter: Max memory     =1073741824
2025-11-24 22:35:43,580 INFO o.a.j.JMeter: Available Processors =12
2025-11-24 22:35:43,589 INFO o.a.j.JMeter: Default Locale=English (EN)
2025-11-24 22:35:43,590 INFO o.a.j.JMeter: JMeter  Locale=English (EN)
2025-11-24 22:35:43,590 INFO o.a.j.JMeter: JMeterHome=C:\Tools\apache-jmeter-5.6.3\apache-jmeter-5.6.3
2025-11-24 22:35:43,590 INFO o.a.j.JMeter: user.dir  =C:\Tools\apache-jmeter-5.6.3\apache-jmeter-5.6.3\bin
2025-11-24 22:35:43,590 INFO o.a.j.JMeter: PWD       =C:\Tools\apache-jmeter-5.6.3\apache-jmeter-5.6.3\bin
2025-11-24 22:35:43,594 INFO o.a.j.JMeter: IP: 172.18.143.149 Name: DESKTOP-U2KN9DC FullName: DESKTOP-U2KN9DC
2025-11-24 22:35:43,603 INFO o.a.j.JMeter: Loaded icon properties from org/apache/jmeter/images/icon.properties
2025-11-24 22:35:43,759 INFO o.a.j.JMeterGuiLauncher: Setting LAF to: com.github.weisj.darklaf.DarkLaf:com.github.weisj.darklaf.theme.DarculaTheme
2025-11-24 22:35:58,925 INFO o.a.j.s.FileServer: Default base='C:\Tools\apache-jmeter-5.6.3\apache-jmeter-5.6.3\bin'
2025-11-24 22:35:58,927 INFO o.a.j.g.a.Load: Loading file: C:\Tools\apache-jmeter-5.6.3\apache-jmeter-5.6.3\bin\HTTP Request.jmx
2025-11-24 22:35:58,928 INFO o.a.j.s.FileServer: Set new base='C:\Tools\apache-jmeter-5.6.3\apache-jmeter-5.6.3\bin'
2025-11-24 22:35:59,161 INFO o.a.j.s.SaveService: Testplan (JMX) version: 2.2. Testlog (JTL) version: 2.2
2025-11-24 22:35:59,204 INFO o.a.j.s.SaveService: Using SaveService properties version 5.0
2025-11-24 22:35:59,205 INFO o.a.j.s.SaveService: Using SaveService properties file encoding UTF-8
2025-11-24 22:35:59,206 INFO o.a.j.s.SaveService: Loading file: C:\Tools\apache-jmeter-5.6.3\apache-jmeter-5.6.3\bin\HTTP Request.jmx
2025-11-24 22:35:59,249 INFO o.a.j.p.h.s.HTTPSamplerBase: Parser for text/html is org.apache.jmeter.protocol.http.parser.LagartoBasedHtmlParser
2025-11-24 22:35:59,249 INFO o.a.j.p.h.s.HTTPSamplerBase: Parser for application/xhtml+xml is org.apache.jmeter.protocol.http.parser.LagartoBasedHtmlParser
2025-11-24 22:35:59,249 INFO o.a.j.p.h.s.HTTPSamplerBase: Parser for application/xml is org.apache.jmeter.protocol.http.parser.LagartoBasedHtmlParser
2025-11-24 22:35:59,249 INFO o.a.j.p.h.s.HTTPSamplerBase: Parser for text/xml is org.apache.jmeter.protocol.http.parser.LagartoBasedHtmlParser
2025-11-24 22:35:59,249 INFO o.a.j.p.h.s.HTTPSamplerBase: Parser for text/vnd.wap.wml is org.apache.jmeter.protocol.http.parser.RegexpHTMLParser
2025-11-24 22:35:59,249 INFO o.a.j.p.h.s.HTTPSamplerBase: Parser for text/css is org.apache.jmeter.protocol.http.parser.CssParser
2025-11-24 22:35:59,386 INFO o.a.j.s.SampleResult: Note: Sample TimeStamps are START times
2025-11-24 22:35:59,386 INFO o.a.j.s.SampleResult: sampleresult.default.encoding is set to UTF-8
2025-11-24 22:35:59,386 INFO o.a.j.s.SampleResult: sampleresult.useNanoTime=true
2025-11-24 22:35:59,386 INFO o.a.j.s.SampleResult: sampleresult.nanoThreadSleep=5000
2025-11-24 22:35:59,581 INFO o.a.j.s.FileServer: Set new base='C:\Tools\apache-jmeter-5.6.3\apache-jmeter-5.6.3\bin'
2025-11-24 22:36:08,005 INFO o.a.j.e.StandardJMeterEngine: Running the test!
2025-11-24 22:36:08,006 INFO o.a.j.s.SampleEvent: List of sample_variables: []
2025-11-24 22:36:08,006 INFO o.a.j.s.SampleEvent: List of sample_variables: []
2025-11-24 22:36:08,007 INFO o.a.j.e.u.CompoundVariable: Note: Function class names must contain the string: '.functions.'
2025-11-24 22:36:08,007 INFO o.a.j.e.u.CompoundVariable: Note: Function class names must not contain the string: '.gui.'
2025-11-24 22:36:08,053 INFO o.a.j.g.u.JMeterMenuBar: setRunning(true, *local*)
2025-11-24 22:36:08,090 INFO o.a.j.e.StandardJMeterEngine: Starting ThreadGroup: 1 : Thread Group
2025-11-24 22:36:08,090 INFO o.a.j.e.StandardJMeterEngine: Starting 20 threads for group Thread Group.
2025-11-24 22:36:08,090 INFO o.a.j.e.StandardJMeterEngine: Thread will continue on error
2025-11-24 22:36:08,090 INFO o.a.j.t.ThreadGroup: Starting thread group... number=1 threads=20 ramp-up=5 delayedStart=false
2025-11-24 22:36:08,095 INFO o.a.j.t.JMeterThread: Thread started: Thread Group 1-1
2025-11-24 22:36:08,102 INFO o.a.j.t.ThreadGroup: Started thread group number 1
2025-11-24 22:36:08,102 INFO o.a.j.e.StandardJMeterEngine: All thread groups have been started
2025-11-24 22:36:08,111 INFO o.a.j.p.h.s.HTTPHCAbstractImpl: Local host = DESKTOP-U2KN9DC
2025-11-24 22:36:08,117 INFO o.a.j.p.h.s.HTTPHC4Impl: HTTP request retry count = 0
2025-11-24 22:36:08,205 INFO o.a.j.t.JMeterThread: Thread is done: Thread Group 1-1
2025-11-24 22:36:08,205 INFO o.a.j.t.JMeterThread: Thread finished: Thread Group 1-1
2025-11-24 22:36:08,343 INFO o.a.j.t.JMeterThread: Thread started: Thread Group 1-2
2025-11-24 22:36:08,351 INFO o.a.j.t.JMeterThread: Thread is done: Thread Group 1-2
2025-11-24 22:36:08,351 INFO o.a.j.t.JMeterThread: Thread finished: Thread Group 1-2
2025-11-24 22:36:08,593 INFO o.a.j.t.JMeterThread: Thread started: Thread Group 1-3
2025-11-24 22:36:08,601 INFO o.a.j.t.JMeterThread: Thread is done: Thread Group 1-3
2025-11-24 22:36:08,601 INFO o.a.j.t.JMeterThread: Thread finished: Thread Group 1-3
2025-11-24 22:36:08,842 INFO o.a.j.t.JMeterThread: Thread started: Thread Group 1-4
2025-11-24 22:36:08,856 INFO o.a.j.t.JMeterThread: Thread is done: Thread Group 1-4
2025-11-24 22:36:08,856 INFO o.a.j.t.JMeterThread: Thread finished: Thread Group 1-4
2025-11-24 22:36:09,093 INFO o.a.j.t.JMeterThread: Thread started: Thread Group 1-5
2025-11-24 22:36:09,102 INFO o.a.j.t.JMeterThread: Thread is done: Thread Group 1-5
2025-11-24 22:36:09,102 INFO o.a.j.t.JMeterThread: Thread finished: Thread Group 1-5
2025-11-24 22:36:09,340 INFO o.a.j.t.JMeterThread: Thread started: Thread Group 1-6
2025-11-24 22:36:09,349 INFO o.a.j.t.JMeterThread: Thread is done: Thread Group 1-6
2025-11-24 22:36:09,349 INFO o.a.j.t.JMeterThread: Thread finished: Thread Group 1-6
2025-11-24 22:36:09,593 INFO o.a.j.t.JMeterThread: Thread started: Thread Group 1-7
2025-11-24 22:36:09,603 INFO o.a.j.t.JMeterThread: Thread is done: Thread Group 1-7
2025-11-24 22:36:09,603 INFO o.a.j.t.JMeterThread: Thread finished: Thread Group 1-7
2025-11-24 22:36:09,842 INFO o.a.j.t.JMeterThread: Thread started: Thread Group 1-8
2025-11-24 22:36:09,851 INFO o.a.j.t.JMeterThread: Thread is done: Thread Group 1-8
2025-11-24 22:36:09,851 INFO o.a.j.t.JMeterThread: Thread finished: Thread Group 1-8
2025-11-24 22:36:10,090 INFO o.a.j.t.JMeterThread: Thread started: Thread Group 1-9
2025-11-24 22:36:10,099 INFO o.a.j.t.JMeterThread: Thread is done: Thread Group 1-9
2025-11-24 22:36:10,099 INFO o.a.j.t.JMeterThread: Thread finished: Thread Group 1-9
2025-11-24 22:36:10,340 INFO o.a.j.t.JMeterThread: Thread started: Thread Group 1-10
2025-11-24 22:36:10,350 INFO o.a.j.t.JMeterThread: Thread is done: Thread Group 1-10
2025-11-24 22:36:10,350 INFO o.a.j.t.JMeterThread: Thread finished: Thread Group 1-10
2025-11-24 22:36:10,592 INFO o.a.j.t.JMeterThread: Thread started: Thread Group 1-11
2025-11-24 22:36:10,601 INFO o.a.j.t.JMeterThread: Thread is done: Thread Group 1-11
2025-11-24 22:36:10,601 INFO o.a.j.t.JMeterThread: Thread finished: Thread Group 1-11
2025-11-24 22:36:10,842 INFO o.a.j.t.JMeterThread: Thread started: Thread Group 1-12
2025-11-24 22:36:10,851 INFO o.a.j.t.JMeterThread: Thread is done: Thread Group 1-12
2025-11-24 22:36:10,851 INFO o.a.j.t.JMeterThread: Thread finished: Thread Group 1-12
2025-11-24 22:36:11,091 INFO o.a.j.t.JMeterThread: Thread started: Thread Group 1-13
2025-11-24 22:36:11,101 INFO o.a.j.t.JMeterThread: Thread is done: Thread Group 1-13
2025-11-24 22:36:11,102 INFO o.a.j.t.JMeterThread: Thread finished: Thread Group 1-13
2025-11-24 22:36:11,342 INFO o.a.j.t.JMeterThread: Thread started: Thread Group 1-14
2025-11-24 22:36:11,351 INFO o.a.j.t.JMeterThread: Thread is done: Thread Group 1-14
2025-11-24 22:36:11,351 INFO o.a.j.t.JMeterThread: Thread finished: Thread Group 1-14
2025-11-24 22:36:11,592 INFO o.a.j.t.JMeterThread: Thread started: Thread Group 1-15
2025-11-24 22:36:11,601 INFO o.a.j.t.JMeterThread: Thread is done: Thread Group 1-15
2025-11-24 22:36:11,601 INFO o.a.j.t.JMeterThread: Thread finished: Thread Group 1-15
2025-11-24 22:36:11,841 INFO o.a.j.t.JMeterThread: Thread started: Thread Group 1-16
2025-11-24 22:36:11,850 INFO o.a.j.t.JMeterThread: Thread is done: Thread Group 1-16
2025-11-24 22:36:11,850 INFO o.a.j.t.JMeterThread: Thread finished: Thread Group 1-16
2025-11-24 22:36:12,092 INFO o.a.j.t.JMeterThread: Thread started: Thread Group 1-17
2025-11-24 22:36:12,102 INFO o.a.j.t.JMeterThread: Thread is done: Thread Group 1-17
2025-11-24 22:36:12,102 INFO o.a.j.t.JMeterThread: Thread finished: Thread Group 1-17
2025-11-24 22:36:12,341 INFO o.a.j.t.JMeterThread: Thread started: Thread Group 1-18
2025-11-24 22:36:12,350 INFO o.a.j.t.JMeterThread: Thread is done: Thread Group 1-18
2025-11-24 22:36:12,350 INFO o.a.j.t.JMeterThread: Thread finished: Thread Group 1-18
2025-11-24 22:36:12,590 INFO o.a.j.t.JMeterThread: Thread started: Thread Group 1-19
2025-11-24 22:36:12,600 INFO o.a.j.t.JMeterThread: Thread is done: Thread Group 1-19
2025-11-24 22:36:12,600 INFO o.a.j.t.JMeterThread: Thread finished: Thread Group 1-19
2025-11-24 22:36:12,840 INFO o.a.j.t.JMeterThread: Thread started: Thread Group 1-20
2025-11-24 22:36:12,850 INFO o.a.j.t.JMeterThread: Thread is done: Thread Group 1-20
2025-11-24 22:36:12,850 INFO o.a.j.t.JMeterThread: Thread finished: Thread Group 1-20
2025-11-24 22:36:12,850 INFO o.a.j.e.StandardJMeterEngine: Notifying test listeners of end of test
2025-11-24 22:36:12,850 INFO o.a.j.g.u.JMeterMenuBar: setRunning(false, *local*)
2025-11-24 22:37:11,865 INFO o.a.j.e.StandardJMeterEngine: Running the test!
2025-11-24 22:37:11,866 INFO o.a.j.s.SampleEvent: List of sample_variables: []
2025-11-24 22:37:11,866 INFO o.a.j.g.u.JMeterMenuBar: setRunning(true, *local*)
2025-11-24 22:37:11,895 INFO o.a.j.e.StandardJMeterEngine: Starting ThreadGroup: 1 : Thread Group
2025-11-24 22:37:11,895 INFO o.a.j.e.StandardJMeterEngine: Starting 100 threads for group Thread Group.
2025-11-24 22:37:11,896 INFO o.a.j.e.StandardJMeterEngine: Thread will continue on error
2025-11-24 22:37:11,896 INFO o.a.j.t.ThreadGroup: Starting thread group... number=1 threads=100 ramp-up=5 delayedStart=false
2025-11-24 22:37:11,897 INFO o.a.j.t.JMeterThread: Thread started: Thread Group 1-1
2025-11-24 22:37:11,912 INFO o.a.j.t.JMeterThread: Thread is done: Thread Group 1-1
2025-11-24 22:37:11,912 INFO o.a.j.t.JMeterThread: Thread finished: Thread Group 1-1
2025-11-24 22:37:11,922 INFO o.a.j.t.ThreadGroup: Started thread group number 1
2025-11-24 22:37:11,922 INFO o.a.j.e.StandardJMeterEngine: All thread groups have been started
2025-11-24 22:37:11,947 INFO o.a.j.t.JMeterThread: Thread started: Thread Group 1-2
2025-11-24 22:37:11,959 INFO o.a.j.t.JMeterThread: Thread is done: Thread Group 1-2
2025-11-24 22:37:11,959 INFO o.a.j.t.JMeterThread: Thread finished: Thread Group 1-2
2025-11-24 22:37:11,998 INFO o.a.j.t.JMeterThread: Thread started: Thread Group 1-3
2025-11-24 22:37:12,009 INFO o.a.j.t.JMeterThread: Thread is done: Thread Group 1-3
2025-11-24 22:37:12,009 INFO o.a.j.t.JMeterThread: Thread finished: Thread Group 1-3
2025-11-24 22:37:12,047 INFO o.a.j.t.JMeterThread: Thread started: Thread Group 1-4
2025-11-24 22:37:12,058 INFO o.a.j.t.JMeterThread: Thread is done: Thread Group 1-4
2025-11-24 22:37:12,058 INFO o.a.j.t.JMeterThread: Thread finished: Thread Group 1-4
2025-11-24 22:37:12,097 INFO o.a.j.t.JMeterThread: Thread started: Thread Group 1-5
2025-11-24 22:37:12,108 INFO o.a.j.t.JMeterThread: Thread is done: Thread Group 1-5
2025-11-24 22:37:12,108 INFO o.a.j.t.JMeterThread: Thread finished: Thread Group 1-5
2025-11-24 22:37:12,148 INFO o.a.j.t.JMeterThread: Thread started: Thread Group 1-6
2025-11-24 22:37:12,157 INFO o.a.j.t.JMeterThread: Thread is done: Thread Group 1-6
2025-11-24 22:37:12,157 INFO o.a.j.t.JMeterThread: Thread finished: Thread Group 1-6
2025-11-24 22:37:12,197 INFO o.a.j.t.JMeterThread: Thread started: Thread Group 1-7
2025-11-24 22:37:12,204 INFO o.a.j.t.JMeterThread: Thread is done: Thread Group 1-7
2025-11-24 22:37:12,205 INFO o.a.j.t.JMeterThread: Thread finished: Thread Group 1-7
2025-11-24 22:37:12,247 INFO o.a.j.t.JMeterThread: Thread started: Thread Group 1-8
2025-11-24 22:37:12,258 INFO o.a.j.t.JMeterThread: Thread is done: Thread Group 1-8
2025-11-24 22:37:12,258 INFO o.a.j.t.JMeterThread: Thread finished: Thread Group 1-8
2025-11-24 22:37:12,298 INFO o.a.j.t.JMeterThread: Thread started: Thread Group 1-9
2025-11-24 22:37:12,308 INFO o.a.j.t.JMeterThread: Thread is done: Thread Group 1-9
2025-11-24 22:37:12,308 INFO o.a.j.t.JMeterThread: Thread finished: Thread Group 1-9
2025-11-24 22:37:12,349 INFO o.a.j.t.JMeterThread: Thread started: Thread Group 1-10
2025-11-24 22:37:12,360 INFO o.a.j.t.JMeterThread: Thread is done: Thread Group 1-10
2025-11-24 22:37:12,360 INFO o.a.j.t.JMeterThread: Thread finished: Thread Group 1-10
2025-11-24 22:37:12,397 INFO o.a.j.t.JMeterThread: Thread started: Thread Group 1-11
2025-11-24 22:37:12,408 INFO o.a.j.t.JMeterThread: Thread is done: Thread Group 1-11
2025-11-24 22:37:12,408 INFO o.a.j.t.JMeterThread: Thread finished: Thread Group 1-11
2025-11-24 22:37:12,448 INFO o.a.j.t.JMeterThread: Thread started: Thread Group 1-12
2025-11-24 22:37:12,458 INFO o.a.j.t.JMeterThread: Thread is done: Thread Group 1-12
2025-11-24 22:37:12,458 INFO o.a.j.t.JMeterThread: Thread finished: Thread Group 1-12
2025-11-24 22:37:12,498 INFO o.a.j.t.JMeterThread: Thread started: Thread Group 1-13
2025-11-24 22:37:12,507 INFO o.a.j.t.JMeterThread: Thread is done: Thread Group 1-13
2025-11-24 22:37:12,508 INFO o.a.j.t.JMeterThread: Thread finished: Thread Group 1-13
2025-11-24 22:37:12,548 INFO o.a.j.t.JMeterThread: Thread started: Thread Group 1-14
2025-11-24 22:37:12,558 INFO o.a.j.t.JMeterThread: Thread is done: Thread Group 1-14
2025-11-24 22:37:12,558 INFO o.a.j.t.JMeterThread: Thread finished: Thread Group 1-14
2025-11-24 22:37:12,598 INFO o.a.j.t.JMeterThread: Thread started: Thread Group 1-15
2025-11-24 22:37:12,611 INFO o.a.j.t.JMeterThread: Thread is done: Thread Group 1-15
2025-11-24 22:37:12,611 INFO o.a.j.t.JMeterThread: Thread finished: Thread Group 1-15
2025-11-24 22:37:12,647 INFO o.a.j.t.JMeterThread: Thread started: Thread Group 1-16
2025-11-24 22:37:12,659 INFO o.a.j.t.JMeterThread: Thread is done: Thread Group 1-16
2025-11-24 22:37:12,659 INFO o.a.j.t.JMeterThread: Thread finished: Thread Group 1-16
2025-11-24 22:37:12,698 INFO o.a.j.t.JMeterThread: Thread started: Thread Group 1-17
2025-11-24 22:37:12,707 INFO o.a.j.t.JMeterThread: Thread is done: Thread Group 1-17
2025-11-24 22:37:12,708 INFO o.a.j.t.JMeterThread: Thread finished: Thread Group 1-17
2025-11-24 22:37:12,749 INFO o.a.j.t.JMeterThread: Thread started: Thread Group 1-18
2025-11-24 22:37:12,758 INFO o.a.j.t.JMeterThread: Thread is done: Thread Group 1-18
2025-11-24 22:37:12,758 INFO o.a.j.t.JMeterThread: Thread finished: Thread Group 1-18
2025-11-24 22:37:12,799 INFO o.a.j.t.JMeterThread: Thread started: Thread Group 1-19
2025-11-24 22:37:12,808 INFO o.a.j.t.JMeterThread: Thread is done: Thread Group 1-19
2025-11-24 22:37:12,808 INFO o.a.j.t.JMeterThread: Thread finished: Thread Group 1-19
2025-11-24 22:37:12,846 INFO o.a.j.t.JMeterThread: Thread started: Thread Group 1-20
2025-11-24 22:37:12,855 INFO o.a.j.t.JMeterThread: Thread is done: Thread Group 1-20
2025-11-24 22:37:12,855 INFO o.a.j.t.JMeterThread: Thread finished: Thread Group 1-20
2025-11-24 22:37:12,898 INFO o.a.j.t.JMeterThread: Thread started: Thread Group 1-21
2025-11-24 22:37:12,906 INFO o.a.j.t.JMeterThread: Thread is done: Thread Group 1-21
2025-11-24 22:37:12,907 INFO o.a.j.t.JMeterThread: Thread finished: Thread Group 1-21
2025-11-24 22:37:12,948 INFO o.a.j.t.JMeterThread: Thread started: Thread Group 1-22
2025-11-24 22:37:12,957 INFO o.a.j.t.JMeterThread: Thread is done: Thread Group 1-22
2025-11-24 22:37:12,957 INFO o.a.j.t.JMeterThread: Thread finished: Thread Group 1-22
2025-11-24 22:37:12,998 INFO o.a.j.t.JMeterThread: Thread started: Thread Group 1-23
2025-11-24 22:37:13,007 INFO o.a.j.t.JMeterThread: Thread is done: Thread Group 1-23
2025-11-24 22:37:13,007 INFO o.a.j.t.JMeterThread: Thread finished: Thread Group 1-23
2025-11-24 22:37:13,047 INFO o.a.j.t.JMeterThread: Thread started: Thread Group 1-24
2025-11-24 22:37:13,056 INFO o.a.j.t.JMeterThread: Thread is done: Thread Group 1-24
2025-11-24 22:37:13,056 INFO o.a.j.t.JMeterThread: Thread finished: Thread Group 1-24
2025-11-24 22:37:13,096 INFO o.a.j.t.JMeterThread: Thread started: Thread Group 1-25
2025-11-24 22:37:13,104 INFO o.a.j.t.JMeterThread: Thread is done: Thread Group 1-25
2025-11-24 22:37:13,104 INFO o.a.j.t.JMeterThread: Thread finished: Thread Group 1-25
2025-11-24 22:37:13,147 INFO o.a.j.t.JMeterThread: Thread started: Thread Group 1-26
2025-11-24 22:37:13,155 INFO o.a.j.t.JMeterThread: Thread is done: Thread Group 1-26
2025-11-24 22:37:13,155 INFO o.a.j.t.JMeterThread: Thread finished: Thread Group 1-26
2025-11-24 22:37:13,197 INFO o.a.j.t.JMeterThread: Thread started: Thread Group 1-27
2025-11-24 22:37:13,205 INFO o.a.j.t.JMeterThread: Thread is done: Thread Group 1-27
2025-11-24 22:37:13,205 INFO o.a.j.t.JMeterThread: Thread finished: Thread Group 1-27
2025-11-24 22:37:13,247 INFO o.a.j.t.JMeterThread: Thread started: Thread Group 1-28
2025-11-24 22:37:13,255 INFO o.a.j.t.JMeterThread: Thread is done: Thread Group 1-28
2025-11-24 22:37:13,255 INFO o.a.j.t.JMeterThread: Thread finished: Thread Group 1-28
2025-11-24 22:37:13,297 INFO o.a.j.t.JMeterThread: Thread started: Thread Group 1-29
2025-11-24 22:37:13,306 INFO o.a.j.t.JMeterThread: Thread is done: Thread Group 1-29
2025-11-24 22:37:13,306 INFO o.a.j.t.JMeterThread: Thread finished: Thread Group 1-29
2025-11-24 22:37:13,346 INFO o.a.j.t.JMeterThread: Thread started: Thread Group 1-30
2025-11-24 22:37:13,354 INFO o.a.j.t.JMeterThread: Thread is done: Thread Group 1-30
2025-11-24 22:37:13,354 INFO o.a.j.t.JMeterThread: Thread finished: Thread Group 1-30
2025-11-24 22:37:13,396 INFO o.a.j.t.JMeterThread: Thread started: Thread Group 1-31
2025-11-24 22:37:13,405 INFO o.a.j.t.JMeterThread: Thread is done: Thread Group 1-31
2025-11-24 22:37:13,405 INFO o.a.j.t.JMeterThread: Thread finished: Thread Group 1-31
2025-11-24 22:37:13,446 INFO o.a.j.t.JMeterThread: Thread started: Thread Group 1-32
2025-11-24 22:37:13,456 INFO o.a.j.t.JMeterThread: Thread is done: Thread Group 1-32
2025-11-24 22:37:13,456 INFO o.a.j.t.JMeterThread: Thread finished: Thread Group 1-32
2025-11-24 22:37:13,497 INFO o.a.j.t.JMeterThread: Thread started: Thread Group 1-33
2025-11-24 22:37:13,506 INFO o.a.j.t.JMeterThread: Thread is done: Thread Group 1-33
2025-11-24 22:37:13,507 INFO o.a.j.t.JMeterThread: Thread finished: Thread Group 1-33
2025-11-24 22:37:13,548 INFO o.a.j.t.JMeterThread: Thread started: Thread Group 1-34
2025-11-24 22:37:13,556 INFO o.a.j.t.JMeterThread: Thread is done: Thread Group 1-34
2025-11-24 22:37:13,557 INFO o.a.j.t.JMeterThread: Thread finished: Thread Group 1-34
2025-11-24 22:37:13,597 INFO o.a.j.t.JMeterThread: Thread started: Thread Group 1-35
2025-11-24 22:37:13,606 INFO o.a.j.t.JMeterThread: Thread is done: Thread Group 1-35
2025-11-24 22:37:13,607 INFO o.a.j.t.JMeterThread: Thread finished: Thread Group 1-35
2025-11-24 22:37:13,647 INFO o.a.j.t.JMeterThread: Thread started: Thread Group 1-36
2025-11-24 22:37:13,656 INFO o.a.j.t.JMeterThread: Thread is done: Thread Group 1-36
2025-11-24 22:37:13,656 INFO o.a.j.t.JMeterThread: Thread finished: Thread Group 1-36
2025-11-24 22:37:13,698 INFO o.a.j.t.JMeterThread: Thread started: Thread Group 1-37
2025-11-24 22:37:13,709 INFO o.a.j.t.JMeterThread: Thread is done: Thread Group 1-37
2025-11-24 22:37:13,709 INFO o.a.j.t.JMeterThread: Thread finished: Thread Group 1-37
2025-11-24 22:37:13,747 INFO o.a.j.t.JMeterThread: Thread started: Thread Group 1-38
2025-11-24 22:37:13,757 INFO o.a.j.t.JMeterThread: Thread is done: Thread Group 1-38
2025-11-24 22:37:13,757 INFO o.a.j.t.JMeterThread: Thread finished: Thread Group 1-38
2025-11-24 22:37:13,796 INFO o.a.j.t.JMeterThread: Thread started: Thread Group 1-39
2025-11-24 22:37:13,805 INFO o.a.j.t.JMeterThread: Thread is done: Thread Group 1-39
2025-11-24 22:37:13,806 INFO o.a.j.t.JMeterThread: Thread finished: Thread Group 1-39
2025-11-24 22:37:13,846 INFO o.a.j.t.JMeterThread: Thread started: Thread Group 1-40
2025-11-24 22:37:13,856 INFO o.a.j.t.JMeterThread: Thread is done: Thread Group 1-40
2025-11-24 22:37:13,856 INFO o.a.j.t.JMeterThread: Thread finished: Thread Group 1-40
2025-11-24 22:37:13,898 INFO o.a.j.t.JMeterThread: Thread started: Thread Group 1-41
2025-11-24 22:37:13,907 INFO o.a.j.t.JMeterThread: Thread is done: Thread Group 1-41
2025-11-24 22:37:13,907 INFO o.a.j.t.JMeterThread: Thread finished: Thread Group 1-41
2025-11-24 22:37:13,948 INFO o.a.j.t.JMeterThread: Thread started: Thread Group 1-42
2025-11-24 22:37:13,957 INFO o.a.j.t.JMeterThread: Thread is done: Thread Group 1-42
2025-11-24 22:37:13,957 INFO o.a.j.t.JMeterThread: Thread finished: Thread Group 1-42
2025-11-24 22:37:13,997 INFO o.a.j.t.JMeterThread: Thread started: Thread Group 1-43
2025-11-24 22:37:14,008 INFO o.a.j.t.JMeterThread: Thread is done: Thread Group 1-43
2025-11-24 22:37:14,008 INFO o.a.j.t.JMeterThread: Thread finished: Thread Group 1-43
2025-11-24 22:37:14,047 INFO o.a.j.t.JMeterThread: Thread started: Thread Group 1-44
2025-11-24 22:37:14,056 INFO o.a.j.t.JMeterThread: Thread is done: Thread Group 1-44
2025-11-24 22:37:14,056 INFO o.a.j.t.JMeterThread: Thread finished: Thread Group 1-44
2025-11-24 22:37:14,099 INFO o.a.j.t.JMeterThread: Thread started: Thread Group 1-45
2025-11-24 22:37:14,108 INFO o.a.j.t.JMeterThread: Thread is done: Thread Group 1-45
2025-11-24 22:37:14,108 INFO o.a.j.t.JMeterThread: Thread finished: Thread Group 1-45
2025-11-24 22:37:14,149 INFO o.a.j.t.JMeterThread: Thread started: Thread Group 1-46
2025-11-24 22:37:14,159 INFO o.a.j.t.JMeterThread: Thread is done: Thread Group 1-46
2025-11-24 22:37:14,159 INFO o.a.j.t.JMeterThread: Thread finished: Thread Group 1-46
2025-11-24 22:37:14,199 INFO o.a.j.t.JMeterThread: Thread started: Thread Group 1-47
2025-11-24 22:37:14,208 INFO o.a.j.t.JMeterThread: Thread is done: Thread Group 1-47
2025-11-24 22:37:14,208 INFO o.a.j.t.JMeterThread: Thread finished: Thread Group 1-47
2025-11-24 22:37:14,247 INFO o.a.j.t.JMeterThread: Thread started: Thread Group 1-48
2025-11-24 22:37:14,257 INFO o.a.j.t.JMeterThread: Thread is done: Thread Group 1-48
2025-11-24 22:37:14,257 INFO o.a.j.t.JMeterThread: Thread finished: Thread Group 1-48
2025-11-24 22:37:14,297 INFO o.a.j.t.JMeterThread: Thread started: Thread Group 1-49
2025-11-24 22:37:14,308 INFO o.a.j.t.JMeterThread: Thread is done: Thread Group 1-49
2025-11-24 22:37:14,308 INFO o.a.j.t.JMeterThread: Thread finished: Thread Group 1-49
2025-11-24 22:37:14,348 INFO o.a.j.t.JMeterThread: Thread started: Thread Group 1-50
2025-11-24 22:37:14,362 INFO o.a.j.t.JMeterThread: Thread is done: Thread Group 1-50
2025-11-24 22:37:14,363 INFO o.a.j.t.JMeterThread: Thread finished: Thread Group 1-50
2025-11-24 22:37:14,398 INFO o.a.j.t.JMeterThread: Thread started: Thread Group 1-51
2025-11-24 22:37:14,410 INFO o.a.j.t.JMeterThread: Thread is done: Thread Group 1-51
2025-11-24 22:37:14,411 INFO o.a.j.t.JMeterThread: Thread finished: Thread Group 1-51
2025-11-24 22:37:14,446 INFO o.a.j.t.JMeterThread: Thread started: Thread Group 1-52
2025-11-24 22:37:14,458 INFO o.a.j.t.JMeterThread: Thread is done: Thread Group 1-52
2025-11-24 22:37:14,458 INFO o.a.j.t.JMeterThread: Thread finished: Thread Group 1-52
2025-11-24 22:37:14,496 INFO o.a.j.t.JMeterThread: Thread started: Thread Group 1-53
2025-11-24 22:37:14,513 INFO o.a.j.t.JMeterThread: Thread is done: Thread Group 1-53
2025-11-24 22:37:14,513 INFO o.a.j.t.JMeterThread: Thread finished: Thread Group 1-53
2025-11-24 22:37:14,546 INFO o.a.j.t.JMeterThread: Thread started: Thread Group 1-54
2025-11-24 22:37:14,557 INFO o.a.j.t.JMeterThread: Thread is done: Thread Group 1-54
2025-11-24 22:37:14,557 INFO o.a.j.t.JMeterThread: Thread finished: Thread Group 1-54
2025-11-24 22:37:14,596 INFO o.a.j.t.JMeterThread: Thread started: Thread Group 1-55
2025-11-24 22:37:14,604 INFO o.a.j.t.JMeterThread: Thread is done: Thread Group 1-55
2025-11-24 22:37:14,604 INFO o.a.j.t.JMeterThread: Thread finished: Thread Group 1-55
2025-11-24 22:37:14,647 INFO o.a.j.t.JMeterThread: Thread started: Thread Group 1-56
2025-11-24 22:37:14,657 INFO o.a.j.t.JMeterThread: Thread is done: Thread Group 1-56
2025-11-24 22:37:14,657 INFO o.a.j.t.JMeterThread: Thread finished: Thread Group 1-56
2025-11-24 22:37:14,698 INFO o.a.j.t.JMeterThread: Thread started: Thread Group 1-57
2025-11-24 22:37:14,707 INFO o.a.j.t.JMeterThread: Thread is done: Thread Group 1-57
2025-11-24 22:37:14,708 INFO o.a.j.t.JMeterThread: Thread finished: Thread Group 1-57
2025-11-24 22:37:14,747 INFO o.a.j.t.JMeterThread: Thread started: Thread Group 1-58
2025-11-24 22:37:14,758 INFO o.a.j.t.JMeterThread: Thread is done: Thread Group 1-58
2025-11-24 22:37:14,758 INFO o.a.j.t.JMeterThread: Thread finished: Thread Group 1-58
2025-11-24 22:37:14,796 INFO o.a.j.t.JMeterThread: Thread started: Thread Group 1-59
2025-11-24 22:37:14,806 INFO o.a.j.t.JMeterThread: Thread is done: Thread Group 1-59
2025-11-24 22:37:14,806 INFO o.a.j.t.JMeterThread: Thread finished: Thread Group 1-59
2025-11-24 22:37:14,846 INFO o.a.j.t.JMeterThread: Thread started: Thread Group 1-60
2025-11-24 22:37:14,856 INFO o.a.j.t.JMeterThread: Thread is done: Thread Group 1-60
2025-11-24 22:37:14,856 INFO o.a.j.t.JMeterThread: Thread finished: Thread Group 1-60
2025-11-24 22:37:14,896 INFO o.a.j.t.JMeterThread: Thread started: Thread Group 1-61
2025-11-24 22:37:14,905 INFO o.a.j.t.JMeterThread: Thread is done: Thread Group 1-61
2025-11-24 22:37:14,906 INFO o.a.j.t.JMeterThread: Thread finished: Thread Group 1-61
2025-11-24 22:37:14,948 INFO o.a.j.t.JMeterThread: Thread started: Thread Group 1-62
2025-11-24 22:37:14,956 INFO o.a.j.t.JMeterThread: Thread is done: Thread Group 1-62
2025-11-24 22:37:14,957 INFO o.a.j.t.JMeterThread: Thread finished: Thread Group 1-62
2025-11-24 22:37:14,997 INFO o.a.j.t.JMeterThread: Thread started: Thread Group 1-63
2025-11-24 22:37:15,007 INFO o.a.j.t.JMeterThread: Thread is done: Thread Group 1-63
2025-11-24 22:37:15,007 INFO o.a.j.t.JMeterThread: Thread finished: Thread Group 1-63
2025-11-24 22:37:15,047 INFO o.a.j.t.JMeterThread: Thread started: Thread Group 1-64
2025-11-24 22:37:15,057 INFO o.a.j.t.JMeterThread: Thread is done: Thread Group 1-64
2025-11-24 22:37:15,057 INFO o.a.j.t.JMeterThread: Thread finished: Thread Group 1-64
2025-11-24 22:37:15,096 INFO o.a.j.t.JMeterThread: Thread started: Thread Group 1-65
2025-11-24 22:37:15,106 INFO o.a.j.t.JMeterThread: Thread is done: Thread Group 1-65
2025-11-24 22:37:15,107 INFO o.a.j.t.JMeterThread: Thread finished: Thread Group 1-65
2025-11-24 22:37:15,146 INFO o.a.j.t.JMeterThread: Thread started: Thread Group 1-66
2025-11-24 22:37:15,154 INFO o.a.j.t.JMeterThread: Thread is done: Thread Group 1-66
2025-11-24 22:37:15,154 INFO o.a.j.t.JMeterThread: Thread finished: Thread Group 1-66
2025-11-24 22:37:15,197 INFO o.a.j.t.JMeterThread: Thread started: Thread Group 1-67
2025-11-24 22:37:15,205 INFO o.a.j.t.JMeterThread: Thread is done: Thread Group 1-67
2025-11-24 22:37:15,205 INFO o.a.j.t.JMeterThread: Thread finished: Thread Group 1-67
2025-11-24 22:37:15,247 INFO o.a.j.t.JMeterThread: Thread started: Thread Group 1-68
2025-11-24 22:37:15,257 INFO o.a.j.t.JMeterThread: Thread is done: Thread Group 1-68
2025-11-24 22:37:15,257 INFO o.a.j.t.JMeterThread: Thread finished: Thread Group 1-68
2025-11-24 22:37:15,296 INFO o.a.j.t.JMeterThread: Thread started: Thread Group 1-69
2025-11-24 22:37:15,304 INFO o.a.j.t.JMeterThread: Thread is done: Thread Group 1-69
2025-11-24 22:37:15,304 INFO o.a.j.t.JMeterThread: Thread finished: Thread Group 1-69
2025-11-24 22:37:15,346 INFO o.a.j.t.JMeterThread: Thread started: Thread Group 1-70
2025-11-24 22:37:15,356 INFO o.a.j.t.JMeterThread: Thread is done: Thread Group 1-70
2025-11-24 22:37:15,356 INFO o.a.j.t.JMeterThread: Thread finished: Thread Group 1-70
2025-11-24 22:37:15,396 INFO o.a.j.t.JMeterThread: Thread started: Thread Group 1-71
2025-11-24 22:37:15,404 INFO o.a.j.t.JMeterThread: Thread is done: Thread Group 1-71
2025-11-24 22:37:15,404 INFO o.a.j.t.JMeterThread: Thread finished: Thread Group 1-71
2025-11-24 22:37:15,447 INFO o.a.j.t.JMeterThread: Thread started: Thread Group 1-72
2025-11-24 22:37:15,456 INFO o.a.j.t.JMeterThread: Thread is done: Thread Group 1-72
2025-11-24 22:37:15,456 INFO o.a.j.t.JMeterThread: Thread finished: Thread Group 1-72
2025-11-24 22:37:15,497 INFO o.a.j.t.JMeterThread: Thread started: Thread Group 1-73
2025-11-24 22:37:15,506 INFO o.a.j.t.JMeterThread: Thread is done: Thread Group 1-73
2025-11-24 22:37:15,506 INFO o.a.j.t.JMeterThread: Thread finished: Thread Group 1-73
2025-11-24 22:37:15,546 INFO o.a.j.t.JMeterThread: Thread started: Thread Group 1-74
2025-11-24 22:37:15,556 INFO o.a.j.t.JMeterThread: Thread is done: Thread Group 1-74
2025-11-24 22:37:15,556 INFO o.a.j.t.JMeterThread: Thread finished: Thread Group 1-74
2025-11-24 22:37:15,596 INFO o.a.j.t.JMeterThread: Thread started: Thread Group 1-75
2025-11-24 22:37:15,605 INFO o.a.j.t.JMeterThread: Thread is done: Thread Group 1-75
2025-11-24 22:37:15,605 INFO o.a.j.t.JMeterThread: Thread finished: Thread Group 1-75
2025-11-24 22:37:15,646 INFO o.a.j.t.JMeterThread: Thread started: Thread Group 1-76
2025-11-24 22:37:15,655 INFO o.a.j.t.JMeterThread: Thread is done: Thread Group 1-76
2025-11-24 22:37:15,655 INFO o.a.j.t.JMeterThread: Thread finished: Thread Group 1-76
2025-11-24 22:37:15,696 INFO o.a.j.t.JMeterThread: Thread started: Thread Group 1-77
2025-11-24 22:37:15,704 INFO o.a.j.t.JMeterThread: Thread is done: Thread Group 1-77
2025-11-24 22:37:15,704 INFO o.a.j.t.JMeterThread: Thread finished: Thread Group 1-77
2025-11-24 22:37:15,747 INFO o.a.j.t.JMeterThread: Thread started: Thread Group 1-78
2025-11-24 22:37:15,756 INFO o.a.j.t.JMeterThread: Thread is done: Thread Group 1-78
2025-11-24 22:37:15,756 INFO o.a.j.t.JMeterThread: Thread finished: Thread Group 1-78
2025-11-24 22:37:15,798 INFO o.a.j.t.JMeterThread: Thread started: Thread Group 1-79
2025-11-24 22:37:15,806 INFO o.a.j.t.JMeterThread: Thread is done: Thread Group 1-79
2025-11-24 22:37:15,806 INFO o.a.j.t.JMeterThread: Thread finished: Thread Group 1-79
2025-11-24 22:37:15,846 INFO o.a.j.t.JMeterThread: Thread started: Thread Group 1-80
2025-11-24 22:37:15,855 INFO o.a.j.t.JMeterThread: Thread is done: Thread Group 1-80
2025-11-24 22:37:15,855 INFO o.a.j.t.JMeterThread: Thread finished: Thread Group 1-80
2025-11-24 22:37:15,896 INFO o.a.j.t.JMeterThread: Thread started: Thread Group 1-81
2025-11-24 22:37:15,904 INFO o.a.j.t.JMeterThread: Thread is done: Thread Group 1-81
2025-11-24 22:37:15,904 INFO o.a.j.t.JMeterThread: Thread finished: Thread Group 1-81
2025-11-24 22:37:15,947 INFO o.a.j.t.JMeterThread: Thread started: Thread Group 1-82
2025-11-24 22:37:15,957 INFO o.a.j.t.JMeterThread: Thread is done: Thread Group 1-82
2025-11-24 22:37:15,957 INFO o.a.j.t.JMeterThread: Thread finished: Thread Group 1-82
2025-11-24 22:37:15,997 INFO o.a.j.t.JMeterThread: Thread started: Thread Group 1-83
2025-11-24 22:37:16,006 INFO o.a.j.t.JMeterThread: Thread is done: Thread Group 1-83
2025-11-24 22:37:16,006 INFO o.a.j.t.JMeterThread: Thread finished: Thread Group 1-83
2025-11-24 22:37:16,047 INFO o.a.j.t.JMeterThread: Thread started: Thread Group 1-84
2025-11-24 22:37:16,056 INFO o.a.j.t.JMeterThread: Thread is done: Thread Group 1-84
2025-11-24 22:37:16,056 INFO o.a.j.t.JMeterThread: Thread finished: Thread Group 1-84
2025-11-24 22:37:16,096 INFO o.a.j.t.JMeterThread: Thread started: Thread Group 1-85
2025-11-24 22:37:16,104 INFO o.a.j.t.JMeterThread: Thread is done: Thread Group 1-85
2025-11-24 22:37:16,104 INFO o.a.j.t.JMeterThread: Thread finished: Thread Group 1-85
2025-11-24 22:37:16,146 INFO o.a.j.t.JMeterThread: Thread started: Thread Group 1-86
2025-11-24 22:37:16,154 INFO o.a.j.t.JMeterThread: Thread is done: Thread Group 1-86
2025-11-24 22:37:16,154 INFO o.a.j.t.JMeterThread: Thread finished: Thread Group 1-86
2025-11-24 22:37:16,196 INFO o.a.j.t.JMeterThread: Thread started: Thread Group 1-87
2025-11-24 22:37:16,205 INFO o.a.j.t.JMeterThread: Thread is done: Thread Group 1-87
2025-11-24 22:37:16,205 INFO o.a.j.t.JMeterThread: Thread finished: Thread Group 1-87
2025-11-24 22:37:16,248 INFO o.a.j.t.JMeterThread: Thread started: Thread Group 1-88
2025-11-24 22:37:16,257 INFO o.a.j.t.JMeterThread: Thread is done: Thread Group 1-88
2025-11-24 22:37:16,257 INFO o.a.j.t.JMeterThread: Thread finished: Thread Group 1-88
2025-11-24 22:37:16,298 INFO o.a.j.t.JMeterThread: Thread started: Thread Group 1-89
2025-11-24 22:37:16,306 INFO o.a.j.t.JMeterThread: Thread is done: Thread Group 1-89
2025-11-24 22:37:16,306 INFO o.a.j.t.JMeterThread: Thread finished: Thread Group 1-89
2025-11-24 22:37:16,346 INFO o.a.j.t.JMeterThread: Thread started: Thread Group 1-90
2025-11-24 22:37:16,354 INFO o.a.j.t.JMeterThread: Thread is done: Thread Group 1-90
2025-11-24 22:37:16,354 INFO o.a.j.t.JMeterThread: Thread finished: Thread Group 1-90
2025-11-24 22:37:16,396 INFO o.a.j.t.JMeterThread: Thread started: Thread Group 1-91
2025-11-24 22:37:16,405 INFO o.a.j.t.JMeterThread: Thread is done: Thread Group 1-91
2025-11-24 22:37:16,405 INFO o.a.j.t.JMeterThread: Thread finished: Thread Group 1-91
2025-11-24 22:37:16,446 INFO o.a.j.t.JMeterThread: Thread started: Thread Group 1-92
2025-11-24 22:37:16,455 INFO o.a.j.t.JMeterThread: Thread is done: Thread Group 1-92
2025-11-24 22:37:16,455 INFO o.a.j.t.JMeterThread: Thread finished: Thread Group 1-92
2025-11-24 22:37:16,497 INFO o.a.j.t.JMeterThread: Thread started: Thread Group 1-93
2025-11-24 22:37:16,506 INFO o.a.j.t.JMeterThread: Thread is done: Thread Group 1-93
2025-11-24 22:37:16,506 INFO o.a.j.t.JMeterThread: Thread finished: Thread Group 1-93
2025-11-24 22:37:16,548 INFO o.a.j.t.JMeterThread: Thread started: Thread Group 1-94
2025-11-24 22:37:16,556 INFO o.a.j.t.JMeterThread: Thread is done: Thread Group 1-94
2025-11-24 22:37:16,556 INFO o.a.j.t.JMeterThread: Thread finished: Thread Group 1-94
2025-11-24 22:37:16,597 INFO o.a.j.t.JMeterThread: Thread started: Thread Group 1-95
2025-11-24 22:37:16,606 INFO o.a.j.t.JMeterThread: Thread is done: Thread Group 1-95
2025-11-24 22:37:16,607 INFO o.a.j.t.JMeterThread: Thread finished: Thread Group 1-95
2025-11-24 22:37:16,647 INFO o.a.j.t.JMeterThread: Thread started: Thread Group 1-96
2025-11-24 22:37:16,655 INFO o.a.j.t.JMeterThread: Thread is done: Thread Group 1-96
2025-11-24 22:37:16,655 INFO o.a.j.t.JMeterThread: Thread finished: Thread Group 1-96
2025-11-24 22:37:16,696 INFO o.a.j.t.JMeterThread: Thread started: Thread Group 1-97
2025-11-24 22:37:16,704 INFO o.a.j.t.JMeterThread: Thread is done: Thread Group 1-97
2025-11-24 22:37:16,704 INFO o.a.j.t.JMeterThread: Thread finished: Thread Group 1-97
2025-11-24 22:37:16,746 INFO o.a.j.t.JMeterThread: Thread started: Thread Group 1-98
2025-11-24 22:37:16,755 INFO o.a.j.t.JMeterThread: Thread is done: Thread Group 1-98
2025-11-24 22:37:16,755 INFO o.a.j.t.JMeterThread: Thread finished: Thread Group 1-98
2025-11-24 22:37:16,796 INFO o.a.j.t.JMeterThread: Thread started: Thread Group 1-99
2025-11-24 22:37:16,805 INFO o.a.j.t.JMeterThread: Thread is done: Thread Group 1-99
2025-11-24 22:37:16,805 INFO o.a.j.t.JMeterThread: Thread finished: Thread Group 1-99
2025-11-24 22:37:16,847 INFO o.a.j.t.JMeterThread: Thread started: Thread Group 1-100
2025-11-24 22:37:16,857 INFO o.a.j.t.JMeterThread: Thread is done: Thread Group 1-100
2025-11-24 22:37:16,857 INFO o.a.j.t.JMeterThread: Thread finished: Thread Group 1-100
2025-11-24 22:37:16,857 INFO o.a.j.e.StandardJMeterEngine: Notifying test listeners of end of test
2025-11-24 22:37:16,857 INFO o.a.j.g.u.JMeterMenuBar: setRunning(false, *local*)
2025-11-24 22:37:33,153 INFO o.a.j.e.StandardJMeterEngine: Running the test!
2025-11-24 22:37:33,153 INFO o.a.j.s.SampleEvent: List of sample_variables: []
2025-11-24 22:37:33,153 INFO o.a.j.g.u.JMeterMenuBar: setRunning(true, *local*)
2025-11-24 22:37:33,183 INFO o.a.j.e.StandardJMeterEngine: Starting ThreadGroup: 1 : Thread Group
2025-11-24 22:37:33,183 INFO o.a.j.e.StandardJMeterEngine: Starting 50 threads for group Thread Group.
2025-11-24 22:37:33,183 INFO o.a.j.e.StandardJMeterEngine: Thread will continue on error
2025-11-24 22:37:33,183 INFO o.a.j.t.ThreadGroup: Starting thread group... number=1 threads=50 ramp-up=5 delayedStart=false
2025-11-24 22:37:33,184 INFO o.a.j.t.JMeterThread: Thread started: Thread Group 1-1
2025-11-24 22:37:33,192 INFO o.a.j.t.ThreadGroup: Started thread group number 1
2025-11-24 22:37:33,193 INFO o.a.j.e.StandardJMeterEngine: All thread groups have been started
2025-11-24 22:37:33,196 INFO o.a.j.t.JMeterThread: Thread is done: Thread Group 1-1
2025-11-24 22:37:33,197 INFO o.a.j.t.JMeterThread: Thread finished: Thread Group 1-1
2025-11-24 22:37:33,284 INFO o.a.j.t.JMeterThread: Thread started: Thread Group 1-2
2025-11-24 22:37:33,292 INFO o.a.j.t.JMeterThread: Thread is done: Thread Group 1-2
2025-11-24 22:37:33,292 INFO o.a.j.t.JMeterThread: Thread finished: Thread Group 1-2
2025-11-24 22:37:33,385 INFO o.a.j.t.JMeterThread: Thread started: Thread Group 1-3
2025-11-24 22:37:33,394 INFO o.a.j.t.JMeterThread: Thread is done: Thread Group 1-3
2025-11-24 22:37:33,394 INFO o.a.j.t.JMeterThread: Thread finished: Thread Group 1-3
2025-11-24 22:37:33,484 INFO o.a.j.t.JMeterThread: Thread started: Thread Group 1-4
2025-11-24 22:37:33,492 INFO o.a.j.t.JMeterThread: Thread is done: Thread Group 1-4
2025-11-24 22:37:33,492 INFO o.a.j.t.JMeterThread: Thread finished: Thread Group 1-4
2025-11-24 22:37:33,584 INFO o.a.j.t.JMeterThread: Thread started: Thread Group 1-5
2025-11-24 22:37:33,592 INFO o.a.j.t.JMeterThread: Thread is done: Thread Group 1-5
2025-11-24 22:37:33,592 INFO o.a.j.t.JMeterThread: Thread finished: Thread Group 1-5
2025-11-24 22:37:33,684 INFO o.a.j.t.JMeterThread: Thread started: Thread Group 1-6
2025-11-24 22:37:33,693 INFO o.a.j.t.JMeterThread: Thread is done: Thread Group 1-6
2025-11-24 22:37:33,693 INFO o.a.j.t.JMeterThread: Thread finished: Thread Group 1-6
2025-11-24 22:37:33,784 INFO o.a.j.t.JMeterThread: Thread started: Thread Group 1-7
2025-11-24 22:37:33,792 INFO o.a.j.t.JMeterThread: Thread is done: Thread Group 1-7
2025-11-24 22:37:33,792 INFO o.a.j.t.JMeterThread: Thread finished: Thread Group 1-7
2025-11-24 22:37:33,884 INFO o.a.j.t.JMeterThread: Thread started: Thread Group 1-8
2025-11-24 22:37:33,892 INFO o.a.j.t.JMeterThread: Thread is done: Thread Group 1-8
2025-11-24 22:37:33,892 INFO o.a.j.t.JMeterThread: Thread finished: Thread Group 1-8
2025-11-24 22:37:33,985 INFO o.a.j.t.JMeterThread: Thread started: Thread Group 1-9
2025-11-24 22:37:33,994 INFO o.a.j.t.JMeterThread: Thread is done: Thread Group 1-9
2025-11-24 22:37:33,994 INFO o.a.j.t.JMeterThread: Thread finished: Thread Group 1-9
2025-11-24 22:37:34,085 INFO o.a.j.t.JMeterThread: Thread started: Thread Group 1-10
2025-11-24 22:37:34,093 INFO o.a.j.t.JMeterThread: Thread is done: Thread Group 1-10
2025-11-24 22:37:34,093 INFO o.a.j.t.JMeterThread: Thread finished: Thread Group 1-10
2025-11-24 22:37:34,184 INFO o.a.j.t.JMeterThread: Thread started: Thread Group 1-11
2025-11-24 22:37:34,193 INFO o.a.j.t.JMeterThread: Thread is done: Thread Group 1-11
2025-11-24 22:37:34,193 INFO o.a.j.t.JMeterThread: Thread finished: Thread Group 1-11
2025-11-24 22:37:34,283 INFO o.a.j.t.JMeterThread: Thread started: Thread Group 1-12
2025-11-24 22:37:34,291 INFO o.a.j.t.JMeterThread: Thread is done: Thread Group 1-12
2025-11-24 22:37:34,291 INFO o.a.j.t.JMeterThread: Thread finished: Thread Group 1-12
2025-11-24 22:37:34,385 INFO o.a.j.t.JMeterThread: Thread started: Thread Group 1-13
2025-11-24 22:37:34,393 INFO o.a.j.t.JMeterThread: Thread is done: Thread Group 1-13
2025-11-24 22:37:34,393 INFO o.a.j.t.JMeterThread: Thread finished: Thread Group 1-13
2025-11-24 22:37:34,485 INFO o.a.j.t.JMeterThread: Thread started: Thread Group 1-14
2025-11-24 22:37:34,493 INFO o.a.j.t.JMeterThread: Thread is done: Thread Group 1-14
2025-11-24 22:37:34,493 INFO o.a.j.t.JMeterThread: Thread finished: Thread Group 1-14
2025-11-24 22:37:34,583 INFO o.a.j.t.JMeterThread: Thread started: Thread Group 1-15
2025-11-24 22:37:34,591 INFO o.a.j.t.JMeterThread: Thread is done: Thread Group 1-15
2025-11-24 22:37:34,591 INFO o.a.j.t.JMeterThread: Thread finished: Thread Group 1-15
2025-11-24 22:37:34,684 INFO o.a.j.t.JMeterThread: Thread started: Thread Group 1-16
2025-11-24 22:37:34,693 INFO o.a.j.t.JMeterThread: Thread is done: Thread Group 1-16
2025-11-24 22:37:34,693 INFO o.a.j.t.JMeterThread: Thread finished: Thread Group 1-16
2025-11-24 22:37:34,784 INFO o.a.j.t.JMeterThread: Thread started: Thread Group 1-17
2025-11-24 22:37:34,792 INFO o.a.j.t.JMeterThread: Thread is done: Thread Group 1-17
2025-11-24 22:37:34,792 INFO o.a.j.t.JMeterThread: Thread finished: Thread Group 1-17
2025-11-24 22:37:34,884 INFO o.a.j.t.JMeterThread: Thread started: Thread Group 1-18
2025-11-24 22:37:34,892 INFO o.a.j.t.JMeterThread: Thread is done: Thread Group 1-18
2025-11-24 22:37:34,892 INFO o.a.j.t.JMeterThread: Thread finished: Thread Group 1-18
2025-11-24 22:37:34,985 INFO o.a.j.t.JMeterThread: Thread started: Thread Group 1-19
2025-11-24 22:37:34,994 INFO o.a.j.t.JMeterThread: Thread is done: Thread Group 1-19
2025-11-24 22:37:34,994 INFO o.a.j.t.JMeterThread: Thread finished: Thread Group 1-19
2025-11-24 22:37:35,085 INFO o.a.j.t.JMeterThread: Thread started: Thread Group 1-20
2025-11-24 22:37:35,095 INFO o.a.j.t.JMeterThread: Thread is done: Thread Group 1-20
2025-11-24 22:37:35,095 INFO o.a.j.t.JMeterThread: Thread finished: Thread Group 1-20
2025-11-24 22:37:35,183 INFO o.a.j.t.JMeterThread: Thread started: Thread Group 1-21
2025-11-24 22:37:35,192 INFO o.a.j.t.JMeterThread: Thread is done: Thread Group 1-21
2025-11-24 22:37:35,192 INFO o.a.j.t.JMeterThread: Thread finished: Thread Group 1-21
2025-11-24 22:37:35,284 INFO o.a.j.t.JMeterThread: Thread started: Thread Group 1-22
2025-11-24 22:37:35,292 INFO o.a.j.t.JMeterThread: Thread is done: Thread Group 1-22
2025-11-24 22:37:35,292 INFO o.a.j.t.JMeterThread: Thread finished: Thread Group 1-22
2025-11-24 22:37:35,383 INFO o.a.j.t.JMeterThread: Thread started: Thread Group 1-23
2025-11-24 22:37:35,391 INFO o.a.j.t.JMeterThread: Thread is done: Thread Group 1-23
2025-11-24 22:37:35,391 INFO o.a.j.t.JMeterThread: Thread finished: Thread Group 1-23
2025-11-24 22:37:35,484 INFO o.a.j.t.JMeterThread: Thread started: Thread Group 1-24
2025-11-24 22:37:35,493 INFO o.a.j.t.JMeterThread: Thread is done: Thread Group 1-24
2025-11-24 22:37:35,493 INFO o.a.j.t.JMeterThread: Thread finished: Thread Group 1-24
2025-11-24 22:37:35,585 INFO o.a.j.t.JMeterThread: Thread started: Thread Group 1-25
2025-11-24 22:37:35,594 INFO o.a.j.t.JMeterThread: Thread is done: Thread Group 1-25
2025-11-24 22:37:35,594 INFO o.a.j.t.JMeterThread: Thread finished: Thread Group 1-25
2025-11-24 22:37:35,685 INFO o.a.j.t.JMeterThread: Thread started: Thread Group 1-26
2025-11-24 22:37:35,693 INFO o.a.j.t.JMeterThread: Thread is done: Thread Group 1-26
2025-11-24 22:37:35,693 INFO o.a.j.t.JMeterThread: Thread finished: Thread Group 1-26
2025-11-24 22:37:35,784 INFO o.a.j.t.JMeterThread: Thread started: Thread Group 1-27
2025-11-24 22:37:35,792 INFO o.a.j.t.JMeterThread: Thread is done: Thread Group 1-27
2025-11-24 22:37:35,792 INFO o.a.j.t.JMeterThread: Thread finished: Thread Group 1-27
2025-11-24 22:37:35,884 INFO o.a.j.t.JMeterThread: Thread started: Thread Group 1-28
2025-11-24 22:37:35,893 INFO o.a.j.t.JMeterThread: Thread is done: Thread Group 1-28
2025-11-24 22:37:35,893 INFO o.a.j.t.JMeterThread: Thread finished: Thread Group 1-28
2025-11-24 22:37:35,984 INFO o.a.j.t.JMeterThread: Thread started: Thread Group 1-29
2025-11-24 22:37:35,992 INFO o.a.j.t.JMeterThread: Thread is done: Thread Group 1-29
2025-11-24 22:37:35,992 INFO o.a.j.t.JMeterThread: Thread finished: Thread Group 1-29
2025-11-24 22:37:36,085 INFO o.a.j.t.JMeterThread: Thread started: Thread Group 1-30
2025-11-24 22:37:36,094 INFO o.a.j.t.JMeterThread: Thread is done: Thread Group 1-30
2025-11-24 22:37:36,094 INFO o.a.j.t.JMeterThread: Thread finished: Thread Group 1-30
2025-11-24 22:37:36,185 INFO o.a.j.t.JMeterThread: Thread started: Thread Group 1-31
2025-11-24 22:37:36,194 INFO o.a.j.t.JMeterThread: Thread is done: Thread Group 1-31
2025-11-24 22:37:36,194 INFO o.a.j.t.JMeterThread: Thread finished: Thread Group 1-31
2025-11-24 22:37:36,285 INFO o.a.j.t.JMeterThread: Thread started: Thread Group 1-32
2025-11-24 22:37:36,294 INFO o.a.j.t.JMeterThread: Thread is done: Thread Group 1-32
2025-11-24 22:37:36,294 INFO o.a.j.t.JMeterThread: Thread finished: Thread Group 1-32
2025-11-24 22:37:36,384 INFO o.a.j.t.JMeterThread: Thread started: Thread Group 1-33
2025-11-24 22:37:36,393 INFO o.a.j.t.JMeterThread: Thread is done: Thread Group 1-33
2025-11-24 22:37:36,393 INFO o.a.j.t.JMeterThread: Thread finished: Thread Group 1-33
2025-11-24 22:37:36,484 INFO o.a.j.t.JMeterThread: Thread started: Thread Group 1-34
2025-11-24 22:37:36,493 INFO o.a.j.t.JMeterThread: Thread is done: Thread Group 1-34
2025-11-24 22:37:36,493 INFO o.a.j.t.JMeterThread: Thread finished: Thread Group 1-34
2025-11-24 22:37:36,584 INFO o.a.j.t.JMeterThread: Thread started: Thread Group 1-35
2025-11-24 22:37:36,593 INFO o.a.j.t.JMeterThread: Thread is done: Thread Group 1-35
2025-11-24 22:37:36,593 INFO o.a.j.t.JMeterThread: Thread finished: Thread Group 1-35
2025-11-24 22:37:36,684 INFO o.a.j.t.JMeterThread: Thread started: Thread Group 1-36
2025-11-24 22:37:36,693 INFO o.a.j.t.JMeterThread: Thread is done: Thread Group 1-36
2025-11-24 22:37:36,693 INFO o.a.j.t.JMeterThread: Thread finished: Thread Group 1-36
2025-11-24 22:37:36,786 INFO o.a.j.t.JMeterThread: Thread started: Thread Group 1-37
2025-11-24 22:37:36,794 INFO o.a.j.t.JMeterThread: Thread is done: Thread Group 1-37
2025-11-24 22:37:36,794 INFO o.a.j.t.JMeterThread: Thread finished: Thread Group 1-37
2025-11-24 22:37:36,884 INFO o.a.j.t.JMeterThread: Thread started: Thread Group 1-38
2025-11-24 22:37:36,893 INFO o.a.j.t.JMeterThread: Thread is done: Thread Group 1-38
2025-11-24 22:37:36,893 INFO o.a.j.t.JMeterThread: Thread finished: Thread Group 1-38
2025-11-24 22:37:36,984 INFO o.a.j.t.JMeterThread: Thread started: Thread Group 1-39
2025-11-24 22:37:36,993 INFO o.a.j.t.JMeterThread: Thread is done: Thread Group 1-39
2025-11-24 22:37:36,993 INFO o.a.j.t.JMeterThread: Thread finished: Thread Group 1-39
2025-11-24 22:37:37,083 INFO o.a.j.t.JMeterThread: Thread started: Thread Group 1-40
2025-11-24 22:37:37,092 INFO o.a.j.t.JMeterThread: Thread is done: Thread Group 1-40
2025-11-24 22:37:37,092 INFO o.a.j.t.JMeterThread: Thread finished: Thread Group 1-40
2025-11-24 22:37:37,183 INFO o.a.j.t.JMeterThread: Thread started: Thread Group 1-41
2025-11-24 22:37:37,192 INFO o.a.j.t.JMeterThread: Thread is done: Thread Group 1-41
2025-11-24 22:37:37,192 INFO o.a.j.t.JMeterThread: Thread finished: Thread Group 1-41
2025-11-24 22:37:37,283 INFO o.a.j.t.JMeterThread: Thread started: Thread Group 1-42
2025-11-24 22:37:37,292 INFO o.a.j.t.JMeterThread: Thread is done: Thread Group 1-42
2025-11-24 22:37:37,292 INFO o.a.j.t.JMeterThread: Thread finished: Thread Group 1-42
2025-11-24 22:37:37,383 INFO o.a.j.t.JMeterThread: Thread started: Thread Group 1-43
2025-11-24 22:37:37,392 INFO o.a.j.t.JMeterThread: Thread is done: Thread Group 1-43
2025-11-24 22:37:37,392 INFO o.a.j.t.JMeterThread: Thread finished: Thread Group 1-43
2025-11-24 22:37:37,484 INFO o.a.j.t.JMeterThread: Thread started: Thread Group 1-44
2025-11-24 22:37:37,492 INFO o.a.j.t.JMeterThread: Thread is done: Thread Group 1-44
2025-11-24 22:37:37,493 INFO o.a.j.t.JMeterThread: Thread finished: Thread Group 1-44
2025-11-24 22:37:37,585 INFO o.a.j.t.JMeterThread: Thread started: Thread Group 1-45
2025-11-24 22:37:37,594 INFO o.a.j.t.JMeterThread: Thread is done: Thread Group 1-45
2025-11-24 22:37:37,594 INFO o.a.j.t.JMeterThread: Thread finished: Thread Group 1-45
2025-11-24 22:37:37,684 INFO o.a.j.t.JMeterThread: Thread started: Thread Group 1-46
2025-11-24 22:37:37,692 INFO o.a.j.t.JMeterThread: Thread is done: Thread Group 1-46
2025-11-24 22:37:37,692 INFO o.a.j.t.JMeterThread: Thread finished: Thread Group 1-46
2025-11-24 22:37:37,784 INFO o.a.j.t.JMeterThread: Thread started: Thread Group 1-47
2025-11-24 22:37:37,792 INFO o.a.j.t.JMeterThread: Thread is done: Thread Group 1-47
2025-11-24 22:37:37,792 INFO o.a.j.t.JMeterThread: Thread finished: Thread Group 1-47
2025-11-24 22:37:37,884 INFO o.a.j.t.JMeterThread: Thread started: Thread Group 1-48
2025-11-24 22:37:37,893 INFO o.a.j.t.JMeterThread: Thread is done: Thread Group 1-48
2025-11-24 22:37:37,893 INFO o.a.j.t.JMeterThread: Thread finished: Thread Group 1-48
2025-11-24 22:37:37,983 INFO o.a.j.t.JMeterThread: Thread started: Thread Group 1-49
2025-11-24 22:37:37,992 INFO o.a.j.t.JMeterThread: Thread is done: Thread Group 1-49
2025-11-24 22:37:37,992 INFO o.a.j.t.JMeterThread: Thread finished: Thread Group 1-49
2025-11-24 22:37:38,083 INFO o.a.j.t.JMeterThread: Thread started: Thread Group 1-50
2025-11-24 22:37:38,091 INFO o.a.j.t.JMeterThread: Thread is done: Thread Group 1-50
2025-11-24 22:37:38,091 INFO o.a.j.t.JMeterThread: Thread finished: Thread Group 1-50
2025-11-24 22:37:38,091 INFO o.a.j.e.StandardJMeterEngine: Notifying test listeners of end of test
2025-11-24 22:37:38,092 INFO o.a.j.g.u.JMeterMenuBar: setRunning(false, *local*)
2025-11-24 22:40:06,636 INFO o.a.j.e.StandardJMeterEngine: Running the test!
2025-11-24 22:40:06,637 INFO o.a.j.s.SampleEvent: List of sample_variables: []
2025-11-24 22:40:06,637 INFO o.a.j.g.u.JMeterMenuBar: setRunning(true, *local*)
2025-11-24 22:40:06,669 INFO o.a.j.e.StandardJMeterEngine: Starting ThreadGroup: 1 : Thread Group
2025-11-24 22:40:06,670 INFO o.a.j.e.StandardJMeterEngine: Starting 50 threads for group Thread Group.
2025-11-24 22:40:06,670 INFO o.a.j.e.StandardJMeterEngine: Thread will continue on error
2025-11-24 22:40:06,670 INFO o.a.j.t.ThreadGroup: Starting thread group... number=1 threads=50 ramp-up=5 delayedStart=false
2025-11-24 22:40:06,672 INFO o.a.j.t.JMeterThread: Thread started: Thread Group 1-1
2025-11-24 22:40:06,681 INFO o.a.j.t.ThreadGroup: Started thread group number 1
2025-11-24 22:40:06,681 INFO o.a.j.e.StandardJMeterEngine: All thread groups have been started
2025-11-24 22:40:06,693 INFO o.a.j.t.JMeterThread: Thread is done: Thread Group 1-1
2025-11-24 22:40:06,693 INFO o.a.j.t.JMeterThread: Thread finished: Thread Group 1-1
2025-11-24 22:40:06,771 INFO o.a.j.t.JMeterThread: Thread started: Thread Group 1-2
2025-11-24 22:40:06,786 INFO o.a.j.t.JMeterThread: Thread is done: Thread Group 1-2
2025-11-24 22:40:06,786 INFO o.a.j.t.JMeterThread: Thread finished: Thread Group 1-2
2025-11-24 22:40:06,872 INFO o.a.j.t.JMeterThread: Thread started: Thread Group 1-3
2025-11-24 22:40:06,885 INFO o.a.j.t.JMeterThread: Thread is done: Thread Group 1-3
2025-11-24 22:40:06,885 INFO o.a.j.t.JMeterThread: Thread finished: Thread Group 1-3
2025-11-24 22:40:06,973 INFO o.a.j.t.JMeterThread: Thread started: Thread Group 1-4
2025-11-24 22:40:06,987 INFO o.a.j.t.JMeterThread: Thread is done: Thread Group 1-4
2025-11-24 22:40:06,987 INFO o.a.j.t.JMeterThread: Thread finished: Thread Group 1-4
2025-11-24 22:40:07,072 INFO o.a.j.t.JMeterThread: Thread started: Thread Group 1-5
2025-11-24 22:40:07,087 INFO o.a.j.t.JMeterThread: Thread is done: Thread Group 1-5
2025-11-24 22:40:07,087 INFO o.a.j.t.JMeterThread: Thread finished: Thread Group 1-5
2025-11-24 22:40:07,172 INFO o.a.j.t.JMeterThread: Thread started: Thread Group 1-6
2025-11-24 22:40:07,186 INFO o.a.j.t.JMeterThread: Thread is done: Thread Group 1-6
2025-11-24 22:40:07,186 INFO o.a.j.t.JMeterThread: Thread finished: Thread Group 1-6
2025-11-24 22:40:07,272 INFO o.a.j.t.JMeterThread: Thread started: Thread Group 1-7
2025-11-24 22:40:07,285 INFO o.a.j.t.JMeterThread: Thread is done: Thread Group 1-7
2025-11-24 22:40:07,286 INFO o.a.j.t.JMeterThread: Thread finished: Thread Group 1-7
2025-11-24 22:40:07,371 INFO o.a.j.t.JMeterThread: Thread started: Thread Group 1-8
2025-11-24 22:40:07,384 INFO o.a.j.t.JMeterThread: Thread is done: Thread Group 1-8
2025-11-24 22:40:07,385 INFO o.a.j.t.JMeterThread: Thread finished: Thread Group 1-8
2025-11-24 22:40:07,472 INFO o.a.j.t.JMeterThread: Thread started: Thread Group 1-9
2025-11-24 22:40:07,486 INFO o.a.j.t.JMeterThread: Thread is done: Thread Group 1-9
2025-11-24 22:40:07,486 INFO o.a.j.t.JMeterThread: Thread finished: Thread Group 1-9
2025-11-24 22:40:07,572 INFO o.a.j.t.JMeterThread: Thread started: Thread Group 1-10
2025-11-24 22:40:07,584 INFO o.a.j.t.JMeterThread: Thread is done: Thread Group 1-10
2025-11-24 22:40:07,584 INFO o.a.j.t.JMeterThread: Thread finished: Thread Group 1-10
2025-11-24 22:40:07,674 INFO o.a.j.t.JMeterThread: Thread started: Thread Group 1-11
2025-11-24 22:40:07,689 INFO o.a.j.t.JMeterThread: Thread is done: Thread Group 1-11
2025-11-24 22:40:07,689 INFO o.a.j.t.JMeterThread: Thread finished: Thread Group 1-11
2025-11-24 22:40:07,770 INFO o.a.j.t.JMeterThread: Thread started: Thread Group 1-12
2025-11-24 22:40:07,783 INFO o.a.j.t.JMeterThread: Thread is done: Thread Group 1-12
2025-11-24 22:40:07,783 INFO o.a.j.t.JMeterThread: Thread finished: Thread Group 1-12
2025-11-24 22:40:07,870 INFO o.a.j.t.JMeterThread: Thread started: Thread Group 1-13
2025-11-24 22:40:07,883 INFO o.a.j.t.JMeterThread: Thread is done: Thread Group 1-13
2025-11-24 22:40:07,883 INFO o.a.j.t.JMeterThread: Thread finished: Thread Group 1-13
2025-11-24 22:40:07,970 INFO o.a.j.t.JMeterThread: Thread started: Thread Group 1-14
2025-11-24 22:40:07,983 INFO o.a.j.t.JMeterThread: Thread is done: Thread Group 1-14
2025-11-24 22:40:07,983 INFO o.a.j.t.JMeterThread: Thread finished: Thread Group 1-14
2025-11-24 22:40:08,071 INFO o.a.j.t.JMeterThread: Thread started: Thread Group 1-15
2025-11-24 22:40:08,085 INFO o.a.j.t.JMeterThread: Thread is done: Thread Group 1-15
2025-11-24 22:40:08,085 INFO o.a.j.t.JMeterThread: Thread finished: Thread Group 1-15
2025-11-24 22:40:08,171 INFO o.a.j.t.JMeterThread: Thread started: Thread Group 1-16
2025-11-24 22:40:08,185 INFO o.a.j.t.JMeterThread: Thread is done: Thread Group 1-16
2025-11-24 22:40:08,185 INFO o.a.j.t.JMeterThread: Thread finished: Thread Group 1-16
2025-11-24 22:40:08,270 INFO o.a.j.t.JMeterThread: Thread started: Thread Group 1-17
2025-11-24 22:40:08,284 INFO o.a.j.t.JMeterThread: Thread is done: Thread Group 1-17
2025-11-24 22:40:08,284 INFO o.a.j.t.JMeterThread: Thread finished: Thread Group 1-17
2025-11-24 22:40:08,370 INFO o.a.j.t.JMeterThread: Thread started: Thread Group 1-18
2025-11-24 22:40:08,382 INFO o.a.j.t.JMeterThread: Thread is done: Thread Group 1-18
2025-11-24 22:40:08,382 INFO o.a.j.t.JMeterThread: Thread finished: Thread Group 1-18
2025-11-24 22:40:08,470 INFO o.a.j.t.JMeterThread: Thread started: Thread Group 1-19
2025-11-24 22:40:08,484 INFO o.a.j.t.JMeterThread: Thread is done: Thread Group 1-19
2025-11-24 22:40:08,484 INFO o.a.j.t.JMeterThread: Thread finished: Thread Group 1-19
2025-11-24 22:40:08,570 INFO o.a.j.t.JMeterThread: Thread started: Thread Group 1-20
2025-11-24 22:40:08,582 INFO o.a.j.t.JMeterThread: Thread is done: Thread Group 1-20
2025-11-24 22:40:08,583 INFO o.a.j.t.JMeterThread: Thread finished: Thread Group 1-20
2025-11-24 22:40:08,671 INFO o.a.j.t.JMeterThread: Thread started: Thread Group 1-21
2025-11-24 22:40:08,686 INFO o.a.j.t.JMeterThread: Thread is done: Thread Group 1-21
2025-11-24 22:40:08,686 INFO o.a.j.t.JMeterThread: Thread finished: Thread Group 1-21
2025-11-24 22:40:08,771 INFO o.a.j.t.JMeterThread: Thread started: Thread Group 1-22
2025-11-24 22:40:08,785 INFO o.a.j.t.JMeterThread: Thread is done: Thread Group 1-22
2025-11-24 22:40:08,785 INFO o.a.j.t.JMeterThread: Thread finished: Thread Group 1-22
2025-11-24 22:40:08,870 INFO o.a.j.t.JMeterThread: Thread started: Thread Group 1-23
2025-11-24 22:40:08,884 INFO o.a.j.t.JMeterThread: Thread is done: Thread Group 1-23
2025-11-24 22:40:08,884 INFO o.a.j.t.JMeterThread: Thread finished: Thread Group 1-23
2025-11-24 22:40:08,971 INFO o.a.j.t.JMeterThread: Thread started: Thread Group 1-24
2025-11-24 22:40:08,984 INFO o.a.j.t.JMeterThread: Thread is done: Thread Group 1-24
2025-11-24 22:40:08,984 INFO o.a.j.t.JMeterThread: Thread finished: Thread Group 1-24
2025-11-24 22:40:09,071 INFO o.a.j.t.JMeterThread: Thread started: Thread Group 1-25
2025-11-24 22:40:09,084 INFO o.a.j.t.JMeterThread: Thread is done: Thread Group 1-25
2025-11-24 22:40:09,084 INFO o.a.j.t.JMeterThread: Thread finished: Thread Group 1-25
2025-11-24 22:40:09,172 INFO o.a.j.t.JMeterThread: Thread started: Thread Group 1-26
2025-11-24 22:40:09,186 INFO o.a.j.t.JMeterThread: Thread is done: Thread Group 1-26
2025-11-24 22:40:09,186 INFO o.a.j.t.JMeterThread: Thread finished: Thread Group 1-26
2025-11-24 22:40:09,271 INFO o.a.j.t.JMeterThread: Thread started: Thread Group 1-27
2025-11-24 22:40:09,285 INFO o.a.j.t.JMeterThread: Thread is done: Thread Group 1-27
2025-11-24 22:40:09,285 INFO o.a.j.t.JMeterThread: Thread finished: Thread Group 1-27
2025-11-24 22:40:09,371 INFO o.a.j.t.JMeterThread: Thread started: Thread Group 1-28
2025-11-24 22:40:09,384 INFO o.a.j.t.JMeterThread: Thread is done: Thread Group 1-28
2025-11-24 22:40:09,384 INFO o.a.j.t.JMeterThread: Thread finished: Thread Group 1-28
2025-11-24 22:40:09,471 INFO o.a.j.t.JMeterThread: Thread started: Thread Group 1-29
2025-11-24 22:40:09,484 INFO o.a.j.t.JMeterThread: Thread is done: Thread Group 1-29
2025-11-24 22:40:09,484 INFO o.a.j.t.JMeterThread: Thread finished: Thread Group 1-29
2025-11-24 22:40:09,571 INFO o.a.j.t.JMeterThread: Thread started: Thread Group 1-30
2025-11-24 22:40:09,584 INFO o.a.j.t.JMeterThread: Thread is done: Thread Group 1-30
2025-11-24 22:40:09,584 INFO o.a.j.t.JMeterThread: Thread finished: Thread Group 1-30
2025-11-24 22:40:09,671 INFO o.a.j.t.JMeterThread: Thread started: Thread Group 1-31
2025-11-24 22:40:09,689 INFO o.a.j.t.JMeterThread: Thread is done: Thread Group 1-31
2025-11-24 22:40:09,689 INFO o.a.j.t.JMeterThread: Thread finished: Thread Group 1-31
2025-11-24 22:40:09,770 INFO o.a.j.t.JMeterThread: Thread started: Thread Group 1-32
2025-11-24 22:40:09,782 INFO o.a.j.t.JMeterThread: Thread is done: Thread Group 1-32
2025-11-24 22:40:09,782 INFO o.a.j.t.JMeterThread: Thread finished: Thread Group 1-32
2025-11-24 22:40:09,872 INFO o.a.j.t.JMeterThread: Thread started: Thread Group 1-33
2025-11-24 22:40:09,885 INFO o.a.j.t.JMeterThread: Thread is done: Thread Group 1-33
2025-11-24 22:40:09,885 INFO o.a.j.t.JMeterThread: Thread finished: Thread Group 1-33
2025-11-24 22:40:09,972 INFO o.a.j.t.JMeterThread: Thread started: Thread Group 1-34
2025-11-24 22:40:09,985 INFO o.a.j.t.JMeterThread: Thread is done: Thread Group 1-34
2025-11-24 22:40:09,985 INFO o.a.j.t.JMeterThread: Thread finished: Thread Group 1-34
2025-11-24 22:40:10,072 INFO o.a.j.t.JMeterThread: Thread started: Thread Group 1-35
2025-11-24 22:40:10,085 INFO o.a.j.t.JMeterThread: Thread is done: Thread Group 1-35
2025-11-24 22:40:10,085 INFO o.a.j.t.JMeterThread: Thread finished: Thread Group 1-35
2025-11-24 22:40:10,170 INFO o.a.j.t.JMeterThread: Thread started: Thread Group 1-36
2025-11-24 22:40:10,191 INFO o.a.j.t.JMeterThread: Thread is done: Thread Group 1-36
2025-11-24 22:40:10,191 INFO o.a.j.t.JMeterThread: Thread finished: Thread Group 1-36
2025-11-24 22:40:10,270 INFO o.a.j.t.JMeterThread: Thread started: Thread Group 1-37
2025-11-24 22:40:10,285 INFO o.a.j.t.JMeterThread: Thread is done: Thread Group 1-37
2025-11-24 22:40:10,285 INFO o.a.j.t.JMeterThread: Thread finished: Thread Group 1-37
2025-11-24 22:40:10,371 INFO o.a.j.t.JMeterThread: Thread started: Thread Group 1-38
2025-11-24 22:40:10,385 INFO o.a.j.t.JMeterThread: Thread is done: Thread Group 1-38
2025-11-24 22:40:10,385 INFO o.a.j.t.JMeterThread: Thread finished: Thread Group 1-38
2025-11-24 22:40:10,472 INFO o.a.j.t.JMeterThread: Thread started: Thread Group 1-39
2025-11-24 22:40:10,487 INFO o.a.j.t.JMeterThread: Thread is done: Thread Group 1-39
2025-11-24 22:40:10,487 INFO o.a.j.t.JMeterThread: Thread finished: Thread Group 1-39
2025-11-24 22:40:10,570 INFO o.a.j.t.JMeterThread: Thread started: Thread Group 1-40
2025-11-24 22:40:10,583 INFO o.a.j.t.JMeterThread: Thread is done: Thread Group 1-40
2025-11-24 22:40:10,583 INFO o.a.j.t.JMeterThread: Thread finished: Thread Group 1-40
2025-11-24 22:40:10,671 INFO o.a.j.t.JMeterThread: Thread started: Thread Group 1-41
2025-11-24 22:40:10,691 INFO o.a.j.t.JMeterThread: Thread is done: Thread Group 1-41
2025-11-24 22:40:10,691 INFO o.a.j.t.JMeterThread: Thread finished: Thread Group 1-41
2025-11-24 22:40:10,772 INFO o.a.j.t.JMeterThread: Thread started: Thread Group 1-42
2025-11-24 22:40:10,784 INFO o.a.j.t.JMeterThread: Thread is done: Thread Group 1-42
2025-11-24 22:40:10,784 INFO o.a.j.t.JMeterThread: Thread finished: Thread Group 1-42
2025-11-24 22:40:10,872 INFO o.a.j.t.JMeterThread: Thread started: Thread Group 1-43
2025-11-24 22:40:10,887 INFO o.a.j.t.JMeterThread: Thread is done: Thread Group 1-43
2025-11-24 22:40:10,889 INFO o.a.j.t.JMeterThread: Thread finished: Thread Group 1-43
2025-11-24 22:40:10,971 INFO o.a.j.t.JMeterThread: Thread started: Thread Group 1-44
2025-11-24 22:40:10,989 INFO o.a.j.t.JMeterThread: Thread is done: Thread Group 1-44
2025-11-24 22:40:10,989 INFO o.a.j.t.JMeterThread: Thread finished: Thread Group 1-44
2025-11-24 22:40:11,070 INFO o.a.j.t.JMeterThread: Thread started: Thread Group 1-45
2025-11-24 22:40:11,086 INFO o.a.j.t.JMeterThread: Thread is done: Thread Group 1-45
2025-11-24 22:40:11,086 INFO o.a.j.t.JMeterThread: Thread finished: Thread Group 1-45
2025-11-24 22:40:11,171 INFO o.a.j.t.JMeterThread: Thread started: Thread Group 1-46
2025-11-24 22:40:11,192 INFO o.a.j.t.JMeterThread: Thread is done: Thread Group 1-46
2025-11-24 22:40:11,193 INFO o.a.j.t.JMeterThread: Thread finished: Thread Group 1-46
2025-11-24 22:40:11,271 INFO o.a.j.t.JMeterThread: Thread started: Thread Group 1-47
2025-11-24 22:40:11,290 INFO o.a.j.t.JMeterThread: Thread is done: Thread Group 1-47
2025-11-24 22:40:11,290 INFO o.a.j.t.JMeterThread: Thread finished: Thread Group 1-47
2025-11-24 22:40:11,371 INFO o.a.j.t.JMeterThread: Thread started: Thread Group 1-48
2025-11-24 22:40:11,388 INFO o.a.j.t.JMeterThread: Thread is done: Thread Group 1-48
2025-11-24 22:40:11,389 INFO o.a.j.t.JMeterThread: Thread finished: Thread Group 1-48
2025-11-24 22:40:11,471 INFO o.a.j.t.JMeterThread: Thread started: Thread Group 1-49
2025-11-24 22:40:11,487 INFO o.a.j.t.JMeterThread: Thread is done: Thread Group 1-49
2025-11-24 22:40:11,487 INFO o.a.j.t.JMeterThread: Thread finished: Thread Group 1-49
2025-11-24 22:40:11,571 INFO o.a.j.t.JMeterThread: Thread started: Thread Group 1-50
2025-11-24 22:40:11,583 INFO o.a.j.t.JMeterThread: Thread is done: Thread Group 1-50
2025-11-24 22:40:11,583 INFO o.a.j.t.JMeterThread: Thread finished: Thread Group 1-50
2025-11-24 22:40:11,583 INFO o.a.j.e.StandardJMeterEngine: Notifying test listeners of end of test
2025-11-24 22:40:11,583 INFO o.a.j.g.u.JMeterMenuBar: setRunning(false, *local*)
2025-11-24 22:40:49,195 INFO o.a.j.e.StandardJMeterEngine: Running the test!
2025-11-24 22:40:49,195 INFO o.a.j.s.SampleEvent: List of sample_variables: []
2025-11-24 22:40:49,195 INFO o.a.j.g.u.JMeterMenuBar: setRunning(true, *local*)
2025-11-24 22:40:49,227 INFO o.a.j.e.StandardJMeterEngine: Starting ThreadGroup: 1 : Thread Group
2025-11-24 22:40:49,227 INFO o.a.j.e.StandardJMeterEngine: Starting 50 threads for group Thread Group.
2025-11-24 22:40:49,227 INFO o.a.j.e.StandardJMeterEngine: Thread will continue on error
2025-11-24 22:40:49,227 INFO o.a.j.t.ThreadGroup: Starting thread group... number=1 threads=50 ramp-up=5 delayedStart=false
2025-11-24 22:40:49,228 INFO o.a.j.t.JMeterThread: Thread started: Thread Group 1-1
2025-11-24 22:40:49,237 INFO o.a.j.t.ThreadGroup: Started thread group number 1
2025-11-24 22:40:49,237 INFO o.a.j.e.StandardJMeterEngine: All thread groups have been started
2025-11-24 22:40:49,265 INFO o.a.j.t.JMeterThread: Thread is done: Thread Group 1-1
2025-11-24 22:40:49,265 INFO o.a.j.t.JMeterThread: Thread finished: Thread Group 1-1
2025-11-24 22:40:49,329 INFO o.a.j.t.JMeterThread: Thread started: Thread Group 1-2
2025-11-24 22:40:49,347 INFO o.a.j.t.JMeterThread: Thread is done: Thread Group 1-2
2025-11-24 22:40:49,347 INFO o.a.j.t.JMeterThread: Thread finished: Thread Group 1-2
2025-11-24 22:40:49,429 INFO o.a.j.t.JMeterThread: Thread started: Thread Group 1-3
2025-11-24 22:40:49,446 INFO o.a.j.t.JMeterThread: Thread is done: Thread Group 1-3
2025-11-24 22:40:49,446 INFO o.a.j.t.JMeterThread: Thread finished: Thread Group 1-3
2025-11-24 22:40:49,529 INFO o.a.j.t.JMeterThread: Thread started: Thread Group 1-4
2025-11-24 22:40:49,546 INFO o.a.j.t.JMeterThread: Thread is done: Thread Group 1-4
2025-11-24 22:40:49,546 INFO o.a.j.t.JMeterThread: Thread finished: Thread Group 1-4
2025-11-24 22:40:49,628 INFO o.a.j.t.JMeterThread: Thread started: Thread Group 1-5
2025-11-24 22:40:49,648 INFO o.a.j.t.JMeterThread: Thread is done: Thread Group 1-5
2025-11-24 22:40:49,648 INFO o.a.j.t.JMeterThread: Thread finished: Thread Group 1-5
2025-11-24 22:40:49,729 INFO o.a.j.t.JMeterThread: Thread started: Thread Group 1-6
2025-11-24 22:40:49,760 INFO o.a.j.t.JMeterThread: Thread is done: Thread Group 1-6
2025-11-24 22:40:49,760 INFO o.a.j.t.JMeterThread: Thread finished: Thread Group 1-6
2025-11-24 22:40:49,829 INFO o.a.j.t.JMeterThread: Thread started: Thread Group 1-7
2025-11-24 22:40:49,847 INFO o.a.j.t.JMeterThread: Thread is done: Thread Group 1-7
2025-11-24 22:40:49,847 INFO o.a.j.t.JMeterThread: Thread finished: Thread Group 1-7
2025-11-24 22:40:49,929 INFO o.a.j.t.JMeterThread: Thread started: Thread Group 1-8
2025-11-24 22:40:49,951 INFO o.a.j.t.JMeterThread: Thread is done: Thread Group 1-8
2025-11-24 22:40:49,951 INFO o.a.j.t.JMeterThread: Thread finished: Thread Group 1-8
2025-11-24 22:40:50,029 INFO o.a.j.t.JMeterThread: Thread started: Thread Group 1-9
2025-11-24 22:40:50,047 INFO o.a.j.t.JMeterThread: Thread is done: Thread Group 1-9
2025-11-24 22:40:50,047 INFO o.a.j.t.JMeterThread: Thread finished: Thread Group 1-9
2025-11-24 22:40:50,129 INFO o.a.j.t.JMeterThread: Thread started: Thread Group 1-10
2025-11-24 22:40:50,154 INFO o.a.j.t.JMeterThread: Thread is done: Thread Group 1-10
2025-11-24 22:40:50,154 INFO o.a.j.t.JMeterThread: Thread finished: Thread Group 1-10
2025-11-24 22:40:50,228 INFO o.a.j.t.JMeterThread: Thread started: Thread Group 1-11
2025-11-24 22:40:50,251 INFO o.a.j.t.JMeterThread: Thread is done: Thread Group 1-11
2025-11-24 22:40:50,252 INFO o.a.j.t.JMeterThread: Thread finished: Thread Group 1-11
2025-11-24 22:40:50,327 INFO o.a.j.t.JMeterThread: Thread started: Thread Group 1-12
2025-11-24 22:40:50,344 INFO o.a.j.t.JMeterThread: Thread is done: Thread Group 1-12
2025-11-24 22:40:50,344 INFO o.a.j.t.JMeterThread: Thread finished: Thread Group 1-12
2025-11-24 22:40:50,428 INFO o.a.j.t.JMeterThread: Thread started: Thread Group 1-13
2025-11-24 22:40:50,443 INFO o.a.j.t.JMeterThread: Thread is done: Thread Group 1-13
2025-11-24 22:40:50,443 INFO o.a.j.t.JMeterThread: Thread finished: Thread Group 1-13
2025-11-24 22:40:50,529 INFO o.a.j.t.JMeterThread: Thread started: Thread Group 1-14
2025-11-24 22:40:50,546 INFO o.a.j.t.JMeterThread: Thread is done: Thread Group 1-14
2025-11-24 22:40:50,546 INFO o.a.j.t.JMeterThread: Thread finished: Thread Group 1-14
2025-11-24 22:40:50,628 INFO o.a.j.t.JMeterThread: Thread started: Thread Group 1-15
2025-11-24 22:40:50,645 INFO o.a.j.t.JMeterThread: Thread is done: Thread Group 1-15
2025-11-24 22:40:50,645 INFO o.a.j.t.JMeterThread: Thread finished: Thread Group 1-15
2025-11-24 22:40:50,728 INFO o.a.j.t.JMeterThread: Thread started: Thread Group 1-16
2025-11-24 22:40:50,745 INFO o.a.j.t.JMeterThread: Thread is done: Thread Group 1-16
2025-11-24 22:40:50,745 INFO o.a.j.t.JMeterThread: Thread finished: Thread Group 1-16
2025-11-24 22:40:50,828 INFO o.a.j.t.JMeterThread: Thread started: Thread Group 1-17
2025-11-24 22:40:50,846 INFO o.a.j.t.JMeterThread: Thread is done: Thread Group 1-17
2025-11-24 22:40:50,847 INFO o.a.j.t.JMeterThread: Thread finished: Thread Group 1-17
2025-11-24 22:40:50,929 INFO o.a.j.t.JMeterThread: Thread started: Thread Group 1-18
2025-11-24 22:40:50,944 INFO o.a.j.t.JMeterThread: Thread is done: Thread Group 1-18
2025-11-24 22:40:50,945 INFO o.a.j.t.JMeterThread: Thread finished: Thread Group 1-18
2025-11-24 22:40:51,029 INFO o.a.j.t.JMeterThread: Thread started: Thread Group 1-19
2025-11-24 22:40:51,051 INFO o.a.j.t.JMeterThread: Thread is done: Thread Group 1-19
2025-11-24 22:40:51,051 INFO o.a.j.t.JMeterThread: Thread finished: Thread Group 1-19
2025-11-24 22:40:51,128 INFO o.a.j.t.JMeterThread: Thread started: Thread Group 1-20
2025-11-24 22:40:51,143 INFO o.a.j.t.JMeterThread: Thread is done: Thread Group 1-20
2025-11-24 22:40:51,143 INFO o.a.j.t.JMeterThread: Thread finished: Thread Group 1-20
2025-11-24 22:40:51,227 INFO o.a.j.t.JMeterThread: Thread started: Thread Group 1-21
2025-11-24 22:40:51,243 INFO o.a.j.t.JMeterThread: Thread is done: Thread Group 1-21
2025-11-24 22:40:51,243 INFO o.a.j.t.JMeterThread: Thread finished: Thread Group 1-21
2025-11-24 22:40:51,327 INFO o.a.j.t.JMeterThread: Thread started: Thread Group 1-22
2025-11-24 22:40:51,342 INFO o.a.j.t.JMeterThread: Thread is done: Thread Group 1-22
2025-11-24 22:40:51,342 INFO o.a.j.t.JMeterThread: Thread finished: Thread Group 1-22
2025-11-24 22:40:51,428 INFO o.a.j.t.JMeterThread: Thread started: Thread Group 1-23
2025-11-24 22:40:51,443 INFO o.a.j.t.JMeterThread: Thread is done: Thread Group 1-23
2025-11-24 22:40:51,443 INFO o.a.j.t.JMeterThread: Thread finished: Thread Group 1-23
2025-11-24 22:40:51,528 INFO o.a.j.t.JMeterThread: Thread started: Thread Group 1-24
2025-11-24 22:40:51,544 INFO o.a.j.t.JMeterThread: Thread is done: Thread Group 1-24
2025-11-24 22:40:51,544 INFO o.a.j.t.JMeterThread: Thread finished: Thread Group 1-24
2025-11-24 22:40:51,628 INFO o.a.j.t.JMeterThread: Thread started: Thread Group 1-25
2025-11-24 22:40:51,645 INFO o.a.j.t.JMeterThread: Thread is done: Thread Group 1-25
2025-11-24 22:40:51,645 INFO o.a.j.t.JMeterThread: Thread finished: Thread Group 1-25
2025-11-24 22:40:51,727 INFO o.a.j.t.JMeterThread: Thread started: Thread Group 1-26
2025-11-24 22:40:51,742 INFO o.a.j.t.JMeterThread: Thread is done: Thread Group 1-26
2025-11-24 22:40:51,742 INFO o.a.j.t.JMeterThread: Thread finished: Thread Group 1-26
2025-11-24 22:40:51,827 INFO o.a.j.t.JMeterThread: Thread started: Thread Group 1-27
2025-11-24 22:40:51,842 INFO o.a.j.t.JMeterThread: Thread is done: Thread Group 1-27
2025-11-24 22:40:51,842 INFO o.a.j.t.JMeterThread: Thread finished: Thread Group 1-27
2025-11-24 22:40:51,928 INFO o.a.j.t.JMeterThread: Thread started: Thread Group 1-28
2025-11-24 22:40:51,944 INFO o.a.j.t.JMeterThread: Thread is done: Thread Group 1-28
2025-11-24 22:40:51,944 INFO o.a.j.t.JMeterThread: Thread finished: Thread Group 1-28
2025-11-24 22:40:52,028 INFO o.a.j.t.JMeterThread: Thread started: Thread Group 1-29
2025-11-24 22:40:52,043 INFO o.a.j.t.JMeterThread: Thread is done: Thread Group 1-29
2025-11-24 22:40:52,043 INFO o.a.j.t.JMeterThread: Thread finished: Thread Group 1-29
2025-11-24 22:40:52,127 INFO o.a.j.t.JMeterThread: Thread started: Thread Group 1-30
2025-11-24 22:40:52,182 INFO o.a.j.t.JMeterThread: Thread is done: Thread Group 1-30
2025-11-24 22:40:52,182 INFO o.a.j.t.JMeterThread: Thread finished: Thread Group 1-30
2025-11-24 22:40:52,227 INFO o.a.j.t.JMeterThread: Thread started: Thread Group 1-31
2025-11-24 22:40:52,243 INFO o.a.j.t.JMeterThread: Thread is done: Thread Group 1-31
2025-11-24 22:40:52,243 INFO o.a.j.t.JMeterThread: Thread finished: Thread Group 1-31
2025-11-24 22:40:52,328 INFO o.a.j.t.JMeterThread: Thread started: Thread Group 1-32
2025-11-24 22:40:52,345 INFO o.a.j.t.JMeterThread: Thread is done: Thread Group 1-32
2025-11-24 22:40:52,345 INFO o.a.j.t.JMeterThread: Thread finished: Thread Group 1-32
2025-11-24 22:40:52,428 INFO o.a.j.t.JMeterThread: Thread started: Thread Group 1-33
2025-11-24 22:40:52,444 INFO o.a.j.t.JMeterThread: Thread is done: Thread Group 1-33
2025-11-24 22:40:52,444 INFO o.a.j.t.JMeterThread: Thread finished: Thread Group 1-33
2025-11-24 22:40:52,527 INFO o.a.j.t.JMeterThread: Thread started: Thread Group 1-34
2025-11-24 22:40:52,543 INFO o.a.j.t.JMeterThread: Thread is done: Thread Group 1-34
2025-11-24 22:40:52,543 INFO o.a.j.t.JMeterThread: Thread finished: Thread Group 1-34
2025-11-24 22:40:52,627 INFO o.a.j.t.JMeterThread: Thread started: Thread Group 1-35
2025-11-24 22:40:52,642 INFO o.a.j.t.JMeterThread: Thread is done: Thread Group 1-35
2025-11-24 22:40:52,642 INFO o.a.j.t.JMeterThread: Thread finished: Thread Group 1-35
2025-11-24 22:40:52,728 INFO o.a.j.t.JMeterThread: Thread started: Thread Group 1-36
2025-11-24 22:40:52,745 INFO o.a.j.t.JMeterThread: Thread is done: Thread Group 1-36
2025-11-24 22:40:52,745 INFO o.a.j.t.JMeterThread: Thread finished: Thread Group 1-36
2025-11-24 22:40:52,829 INFO o.a.j.t.JMeterThread: Thread started: Thread Group 1-37
2025-11-24 22:40:52,844 INFO o.a.j.t.JMeterThread: Thread is done: Thread Group 1-37
2025-11-24 22:40:52,845 INFO o.a.j.t.JMeterThread: Thread finished: Thread Group 1-37
2025-11-24 22:40:52,928 INFO o.a.j.t.JMeterThread: Thread started: Thread Group 1-38
2025-11-24 22:40:52,946 INFO o.a.j.t.JMeterThread: Thread is done: Thread Group 1-38
2025-11-24 22:40:52,946 INFO o.a.j.t.JMeterThread: Thread finished: Thread Group 1-38
2025-11-24 22:40:53,027 INFO o.a.j.t.JMeterThread: Thread started: Thread Group 1-39
2025-11-24 22:40:53,043 INFO o.a.j.t.JMeterThread: Thread is done: Thread Group 1-39
2025-11-24 22:40:53,043 INFO o.a.j.t.JMeterThread: Thread finished: Thread Group 1-39
2025-11-24 22:40:53,127 INFO o.a.j.t.JMeterThread: Thread started: Thread Group 1-40
2025-11-24 22:40:53,142 INFO o.a.j.t.JMeterThread: Thread is done: Thread Group 1-40
2025-11-24 22:40:53,142 INFO o.a.j.t.JMeterThread: Thread finished: Thread Group 1-40
2025-11-24 22:40:53,228 INFO o.a.j.t.JMeterThread: Thread started: Thread Group 1-41
2025-11-24 22:40:53,244 INFO o.a.j.t.JMeterThread: Thread is done: Thread Group 1-41
2025-11-24 22:40:53,244 INFO o.a.j.t.JMeterThread: Thread finished: Thread Group 1-41
2025-11-24 22:40:53,329 INFO o.a.j.t.JMeterThread: Thread started: Thread Group 1-42
2025-11-24 22:40:53,344 INFO o.a.j.t.JMeterThread: Thread is done: Thread Group 1-42
2025-11-24 22:40:53,344 INFO o.a.j.t.JMeterThread: Thread finished: Thread Group 1-42
2025-11-24 22:40:53,429 INFO o.a.j.t.JMeterThread: Thread started: Thread Group 1-43
2025-11-24 22:40:53,448 INFO o.a.j.t.JMeterThread: Thread is done: Thread Group 1-43
2025-11-24 22:40:53,448 INFO o.a.j.t.JMeterThread: Thread finished: Thread Group 1-43
2025-11-24 22:40:53,528 INFO o.a.j.t.JMeterThread: Thread started: Thread Group 1-44
2025-11-24 22:40:53,542 INFO o.a.j.t.JMeterThread: Thread is done: Thread Group 1-44
2025-11-24 22:40:53,542 INFO o.a.j.t.JMeterThread: Thread finished: Thread Group 1-44
2025-11-24 22:40:53,627 INFO o.a.j.t.JMeterThread: Thread started: Thread Group 1-45
2025-11-24 22:40:53,644 INFO o.a.j.t.JMeterThread: Thread is done: Thread Group 1-45
2025-11-24 22:40:53,644 INFO o.a.j.t.JMeterThread: Thread finished: Thread Group 1-45
2025-11-24 22:40:53,728 INFO o.a.j.t.JMeterThread: Thread started: Thread Group 1-46
2025-11-24 22:40:53,741 INFO o.a.j.t.JMeterThread: Thread is done: Thread Group 1-46
2025-11-24 22:40:53,741 INFO o.a.j.t.JMeterThread: Thread finished: Thread Group 1-46
2025-11-24 22:40:53,829 INFO o.a.j.t.JMeterThread: Thread started: Thread Group 1-47
2025-11-24 22:40:53,844 INFO o.a.j.t.JMeterThread: Thread is done: Thread Group 1-47
2025-11-24 22:40:53,844 INFO o.a.j.t.JMeterThread: Thread finished: Thread Group 1-47
2025-11-24 22:40:53,929 INFO o.a.j.t.JMeterThread: Thread started: Thread Group 1-48
2025-11-24 22:40:53,947 INFO o.a.j.t.JMeterThread: Thread is done: Thread Group 1-48
2025-11-24 22:40:53,947 INFO o.a.j.t.JMeterThread: Thread finished: Thread Group 1-48
2025-11-24 22:40:54,028 INFO o.a.j.t.JMeterThread: Thread started: Thread Group 1-49
2025-11-24 22:40:54,045 INFO o.a.j.t.JMeterThread: Thread is done: Thread Group 1-49
2025-11-24 22:40:54,045 INFO o.a.j.t.JMeterThread: Thread finished: Thread Group 1-49
2025-11-24 22:40:54,128 INFO o.a.j.t.JMeterThread: Thread started: Thread Group 1-50
2025-11-24 22:40:54,142 INFO o.a.j.t.JMeterThread: Thread is done: Thread Group 1-50
2025-11-24 22:40:54,142 INFO o.a.j.t.JMeterThread: Thread finished: Thread Group 1-50
2025-11-24 22:40:54,142 INFO o.a.j.e.StandardJMeterEngine: Notifying test listeners of end of test
2025-11-24 22:40:54,142 INFO o.a.j.g.u.JMeterMenuBar: setRunning(false, *local*)
